"../../../Engine/Content/EditorBlueprintResources/StandardMacros.uasset" 0
"../../../Engine/Content/EditorBlueprintResources/StandardMacros.uexp" 1
"D:/Unreal Projects/Bewarehouse/Content/VRTemplateAssets/Blueprints/GrabType.uasset" 2
"D:/Unreal Projects/Bewarehouse/Content/VRTemplateAssets/Blueprints/GrabType.uexp" 3
"D:/Unreal Projects/Bewarehouse/Content/VRTemplateAssets/Haptics/GrabHapticEffect.uasset" 4
"D:/Unreal Projects/Bewarehouse/Content/VRTemplateAssets/Haptics/GrabHapticEffect.uexp" 5
"D:/Unreal Projects/Bewarehouse/Content/VRTemplateAssets/Blueprints/VRInteractionBPI.uasset" 6
"D:/Unreal Projects/Bewarehouse/Content/VRTemplateAssets/Blueprints/VRInteractionBPI.uexp" 7
"D:/Unreal Projects/Bewarehouse/Content/VRTemplateAssets/Blueprints/GrabComponent.uasset" 8
"D:/Unreal Projects/Bewarehouse/Content/VRTemplateAssets/Blueprints/GrabComponent.uexp" 9
"D:/Unreal Projects/Bewarehouse/Content/Bewarehouse/PlayerTools/PlayerHands/Thumb_SkinMask.uasset" 10
"D:/Unreal Projects/Bewarehouse/Content/Bewarehouse/PlayerTools/PlayerHands/Thumb_SkinMask.uexp" 11
"D:/Unreal Projects/Bewarehouse/Content/Bewarehouse/PlayerTools/PlayerHands/Thumb_SkinMask.ubulk" 12
"D:/Unreal Projects/Bewarehouse/Content/Bewarehouse/PlayerTools/PlayerHands/Thumb_S.uasset" 13
"D:/Unreal Projects/Bewarehouse/Content/Bewarehouse/PlayerTools/PlayerHands/Thumb_S.uexp" 14
"D:/Unreal Projects/Bewarehouse/Content/Bewarehouse/PlayerTools/PlayerHands/Thumb_S.ubulk" 15
"D:/Unreal Projects/Bewarehouse/Content/Bewarehouse/PlayerTools/PlayerHands/Thumb_R.uasset" 16
"D:/Unreal Projects/Bewarehouse/Content/Bewarehouse/PlayerTools/PlayerHands/Thumb_R.uexp" 17
"D:/Unreal Projects/Bewarehouse/Content/Bewarehouse/PlayerTools/PlayerHands/Thumb_R.ubulk" 18
"D:/Unreal Projects/Bewarehouse/Content/Bewarehouse/PlayerTools/PlayerHands/Thumb_N.uasset" 19
"D:/Unreal Projects/Bewarehouse/Content/Bewarehouse/PlayerTools/PlayerHands/Thumb_N.uexp" 20
"D:/Unreal Projects/Bewarehouse/Content/Bewarehouse/PlayerTools/PlayerHands/Thumb_N.ubulk" 21
"D:/Unreal Projects/Bewarehouse/Content/Bewarehouse/PlayerTools/PlayerHands/Thumb_D.uasset" 22
"D:/Unreal Projects/Bewarehouse/Content/Bewarehouse/PlayerTools/PlayerHands/Thumb_D.uexp" 23
"D:/Unreal Projects/Bewarehouse/Content/Bewarehouse/PlayerTools/PlayerHands/Thumb_D.ubulk" 24
"D:/Unreal Projects/Bewarehouse/Content/Bewarehouse/PlayerTools/PlayerHands/Ring_SkinMask.uasset" 25
"D:/Unreal Projects/Bewarehouse/Content/Bewarehouse/PlayerTools/PlayerHands/Ring_SkinMask.uexp" 26
"D:/Unreal Projects/Bewarehouse/Content/Bewarehouse/PlayerTools/PlayerHands/Ring_SkinMask.ubulk" 27
"D:/Unreal Projects/Bewarehouse/Content/Bewarehouse/PlayerTools/PlayerHands/Ring_S.uasset" 28
"D:/Unreal Projects/Bewarehouse/Content/Bewarehouse/PlayerTools/PlayerHands/Ring_S.uexp" 29
"D:/Unreal Projects/Bewarehouse/Content/Bewarehouse/PlayerTools/PlayerHands/Ring_S.ubulk" 30
"D:/Unreal Projects/Bewarehouse/Content/Bewarehouse/PlayerTools/PlayerHands/Ring_R.uasset" 31
"D:/Unreal Projects/Bewarehouse/Content/Bewarehouse/PlayerTools/PlayerHands/Ring_R.uexp" 32
"D:/Unreal Projects/Bewarehouse/Content/Bewarehouse/PlayerTools/PlayerHands/Ring_R.ubulk" 33
"D:/Unreal Projects/Bewarehouse/Content/Bewarehouse/PlayerTools/PlayerHands/Ring_N.uasset" 34
"D:/Unreal Projects/Bewarehouse/Content/Bewarehouse/PlayerTools/PlayerHands/Ring_N.uexp" 35
"D:/Unreal Projects/Bewarehouse/Content/Bewarehouse/PlayerTools/PlayerHands/Ring_N.ubulk" 36
"D:/Unreal Projects/Bewarehouse/Content/Bewarehouse/PlayerTools/PlayerHands/Ring_D.uasset" 37
"D:/Unreal Projects/Bewarehouse/Content/Bewarehouse/PlayerTools/PlayerHands/Ring_D.uexp" 38
"D:/Unreal Projects/Bewarehouse/Content/Bewarehouse/PlayerTools/PlayerHands/Ring_D.ubulk" 39
"D:/Unreal Projects/Bewarehouse/Content/Bewarehouse/PlayerTools/PlayerHands/FingerMat_BaseThumb.uasset" 40
"D:/Unreal Projects/Bewarehouse/Content/Bewarehouse/PlayerTools/PlayerHands/FingerMat_BaseThumb.uexp" 41
"D:/Unreal Projects/Bewarehouse/Content/Bewarehouse/PlayerTools/PlayerHands/Ring_Mat.uasset" 42
"D:/Unreal Projects/Bewarehouse/Content/Bewarehouse/PlayerTools/PlayerHands/Ring_Mat.uexp" 43
"D:/Unreal Projects/Bewarehouse/Content/Bewarehouse/PlayerTools/PlayerHands/Pointer_SkinMask.uasset" 44
"D:/Unreal Projects/Bewarehouse/Content/Bewarehouse/PlayerTools/PlayerHands/Pointer_SkinMask.uexp" 45
"D:/Unreal Projects/Bewarehouse/Content/Bewarehouse/PlayerTools/PlayerHands/Pointer_SkinMask.ubulk" 46
"D:/Unreal Projects/Bewarehouse/Content/Bewarehouse/PlayerTools/PlayerHands/Pointer_S.uasset" 47
"D:/Unreal Projects/Bewarehouse/Content/Bewarehouse/PlayerTools/PlayerHands/Pointer_S.uexp" 48
"D:/Unreal Projects/Bewarehouse/Content/Bewarehouse/PlayerTools/PlayerHands/Pointer_S.ubulk" 49
"D:/Unreal Projects/Bewarehouse/Content/Bewarehouse/PlayerTools/PlayerHands/Pointer_R.uasset" 50
"D:/Unreal Projects/Bewarehouse/Content/Bewarehouse/PlayerTools/PlayerHands/Pointer_R.uexp" 51
"D:/Unreal Projects/Bewarehouse/Content/Bewarehouse/PlayerTools/PlayerHands/Pointer_R.ubulk" 52
"D:/Unreal Projects/Bewarehouse/Content/Bewarehouse/PlayerTools/PlayerHands/Pointer_N.uasset" 53
"D:/Unreal Projects/Bewarehouse/Content/Bewarehouse/PlayerTools/PlayerHands/Pointer_N.uexp" 54
"D:/Unreal Projects/Bewarehouse/Content/Bewarehouse/PlayerTools/PlayerHands/Pointer_N.ubulk" 55
"D:/Unreal Projects/Bewarehouse/Content/Bewarehouse/PlayerTools/PlayerHands/Pointer_D.uasset" 56
"D:/Unreal Projects/Bewarehouse/Content/Bewarehouse/PlayerTools/PlayerHands/Pointer_D.uexp" 57
"D:/Unreal Projects/Bewarehouse/Content/Bewarehouse/PlayerTools/PlayerHands/Pointer_D.ubulk" 58
"D:/Unreal Projects/Bewarehouse/Content/Bewarehouse/PlayerTools/PlayerHands/Pointer_Mat.uasset" 59
"D:/Unreal Projects/Bewarehouse/Content/Bewarehouse/PlayerTools/PlayerHands/Pointer_Mat.uexp" 60
"D:/Unreal Projects/Bewarehouse/Content/Bewarehouse/PlayerTools/PlayerHands/Pinky_SkinMask.uasset" 61
"D:/Unreal Projects/Bewarehouse/Content/Bewarehouse/PlayerTools/PlayerHands/Pinky_SkinMask.uexp" 62
"D:/Unreal Projects/Bewarehouse/Content/Bewarehouse/PlayerTools/PlayerHands/Pinky_SkinMask.ubulk" 63
"D:/Unreal Projects/Bewarehouse/Content/Bewarehouse/PlayerTools/PlayerHands/Pinky_S.uasset" 64
"D:/Unreal Projects/Bewarehouse/Content/Bewarehouse/PlayerTools/PlayerHands/Pinky_S.uexp" 65
"D:/Unreal Projects/Bewarehouse/Content/Bewarehouse/PlayerTools/PlayerHands/Pinky_S.ubulk" 66
"D:/Unreal Projects/Bewarehouse/Content/Bewarehouse/PlayerTools/PlayerHands/Pinky_R.uasset" 67
"D:/Unreal Projects/Bewarehouse/Content/Bewarehouse/PlayerTools/PlayerHands/Pinky_R.uexp" 68
"D:/Unreal Projects/Bewarehouse/Content/Bewarehouse/PlayerTools/PlayerHands/Pinky_R.ubulk" 69
"D:/Unreal Projects/Bewarehouse/Content/Bewarehouse/PlayerTools/PlayerHands/Pinky_N.uasset" 70
"D:/Unreal Projects/Bewarehouse/Content/Bewarehouse/PlayerTools/PlayerHands/Pinky_N.uexp" 71
"D:/Unreal Projects/Bewarehouse/Content/Bewarehouse/PlayerTools/PlayerHands/Pinky_N.ubulk" 72
"D:/Unreal Projects/Bewarehouse/Content/Bewarehouse/PlayerTools/PlayerHands/Pinky_D.uasset" 73
"D:/Unreal Projects/Bewarehouse/Content/Bewarehouse/PlayerTools/PlayerHands/Pinky_D.uexp" 74
"D:/Unreal Projects/Bewarehouse/Content/Bewarehouse/PlayerTools/PlayerHands/Pinky_D.ubulk" 75
"D:/Unreal Projects/Bewarehouse/Content/Bewarehouse/PlayerTools/PlayerHands/Pinky_Mat.uasset" 76
"D:/Unreal Projects/Bewarehouse/Content/Bewarehouse/PlayerTools/PlayerHands/Pinky_Mat.uexp" 77
"D:/Unreal Projects/Bewarehouse/Content/Bewarehouse/PlayerTools/PlayerHands/Middle_SkinMask.uasset" 78
"D:/Unreal Projects/Bewarehouse/Content/Bewarehouse/PlayerTools/PlayerHands/Middle_SkinMask.uexp" 79
"D:/Unreal Projects/Bewarehouse/Content/Bewarehouse/PlayerTools/PlayerHands/Middle_SkinMask.ubulk" 80
"D:/Unreal Projects/Bewarehouse/Content/Bewarehouse/PlayerTools/PlayerHands/Middle_S.uasset" 81
"D:/Unreal Projects/Bewarehouse/Content/Bewarehouse/PlayerTools/PlayerHands/Middle_S.uexp" 82
"D:/Unreal Projects/Bewarehouse/Content/Bewarehouse/PlayerTools/PlayerHands/Middle_S.ubulk" 83
"D:/Unreal Projects/Bewarehouse/Content/Bewarehouse/PlayerTools/PlayerHands/Middle_R.uasset" 84
"D:/Unreal Projects/Bewarehouse/Content/Bewarehouse/PlayerTools/PlayerHands/Middle_R.uexp" 85
"D:/Unreal Projects/Bewarehouse/Content/Bewarehouse/PlayerTools/PlayerHands/Middle_R.ubulk" 86
"D:/Unreal Projects/Bewarehouse/Content/Bewarehouse/PlayerTools/PlayerHands/Middle_N.uasset" 87
"D:/Unreal Projects/Bewarehouse/Content/Bewarehouse/PlayerTools/PlayerHands/Middle_N.uexp" 88
"D:/Unreal Projects/Bewarehouse/Content/Bewarehouse/PlayerTools/PlayerHands/Middle_N.ubulk" 89
"D:/Unreal Projects/Bewarehouse/Content/Bewarehouse/PlayerTools/PlayerHands/Middle_D.uasset" 90
"D:/Unreal Projects/Bewarehouse/Content/Bewarehouse/PlayerTools/PlayerHands/Middle_D.uexp" 91
"D:/Unreal Projects/Bewarehouse/Content/Bewarehouse/PlayerTools/PlayerHands/Middle_D.ubulk" 92
"D:/Unreal Projects/Bewarehouse/Content/Bewarehouse/PlayerTools/PlayerHands/Middle_Mat.uasset" 93
"D:/Unreal Projects/Bewarehouse/Content/Bewarehouse/PlayerTools/PlayerHands/Middle_Mat.uexp" 94
"D:/Unreal Projects/Bewarehouse/Content/Bewarehouse/PlayerTools/PlayerHands/HandsWithRemovableFIngers_Skeleton.uasset" 95
"D:/Unreal Projects/Bewarehouse/Content/Bewarehouse/PlayerTools/PlayerHands/HandsWithRemovableFIngers_Skeleton.uexp" 96
"D:/Unreal Projects/Bewarehouse/Content/Bewarehouse/PlayerTools/PlayerHands/HandsWithRemovableFIngers_PhysicsAsset.uasset" 97
"D:/Unreal Projects/Bewarehouse/Content/Bewarehouse/PlayerTools/PlayerHands/HandsWithRemovableFIngers_PhysicsAsset.uexp" 98
"D:/Unreal Projects/Bewarehouse/Content/Bewarehouse/PlayerTools/PlayerHands/WristColor_Mask.uasset" 99
"D:/Unreal Projects/Bewarehouse/Content/Bewarehouse/PlayerTools/PlayerHands/WristColor_Mask.uexp" 100
"D:/Unreal Projects/Bewarehouse/Content/Bewarehouse/PlayerTools/PlayerHands/WristColor_Mask.ubulk" 101
"D:/Unreal Projects/Bewarehouse/Content/Bewarehouse/PlayerTools/PlayerHands/GloveTextureBake_S.uasset" 102
"D:/Unreal Projects/Bewarehouse/Content/Bewarehouse/PlayerTools/PlayerHands/GloveTextureBake_S.uexp" 103
"D:/Unreal Projects/Bewarehouse/Content/Bewarehouse/PlayerTools/PlayerHands/GloveTextureBake_S.ubulk" 104
"D:/Unreal Projects/Bewarehouse/Content/Bewarehouse/PlayerTools/PlayerHands/GloveTextureBake_R.uasset" 105
"D:/Unreal Projects/Bewarehouse/Content/Bewarehouse/PlayerTools/PlayerHands/GloveTextureBake_R.uexp" 106
"D:/Unreal Projects/Bewarehouse/Content/Bewarehouse/PlayerTools/PlayerHands/GloveTextureBake_R.ubulk" 107
"D:/Unreal Projects/Bewarehouse/Content/Bewarehouse/PlayerTools/PlayerHands/GloveTextureBake_N.uasset" 108
"D:/Unreal Projects/Bewarehouse/Content/Bewarehouse/PlayerTools/PlayerHands/GloveTextureBake_N.uexp" 109
"D:/Unreal Projects/Bewarehouse/Content/Bewarehouse/PlayerTools/PlayerHands/GloveTextureBake_N.ubulk" 110
"D:/Unreal Projects/Bewarehouse/Content/Bewarehouse/PlayerTools/PlayerHands/GloveTextureBake_D.uasset" 111
"D:/Unreal Projects/Bewarehouse/Content/Bewarehouse/PlayerTools/PlayerHands/GloveTextureBake_D.uexp" 112
"D:/Unreal Projects/Bewarehouse/Content/Bewarehouse/PlayerTools/PlayerHands/GloveTextureBake_D.ubulk" 113
"D:/Unreal Projects/Bewarehouse/Content/Bewarehouse/PlayerTools/PlayerHands/GloveColor_Mask.uasset" 114
"D:/Unreal Projects/Bewarehouse/Content/Bewarehouse/PlayerTools/PlayerHands/GloveColor_Mask.uexp" 115
"D:/Unreal Projects/Bewarehouse/Content/Bewarehouse/PlayerTools/PlayerHands/GloveColor_Mask.ubulk" 116
"D:/Unreal Projects/Bewarehouse/Content/Bewarehouse/PlayerTools/PlayerHands/GloveMat.uasset" 117
"D:/Unreal Projects/Bewarehouse/Content/Bewarehouse/PlayerTools/PlayerHands/GloveMat.uexp" 118
"D:/Unreal Projects/Bewarehouse/Content/Bewarehouse/PlayerTools/PlayerHands/HandsWithRemovableFIngers.uasset" 119
"D:/Unreal Projects/Bewarehouse/Content/Bewarehouse/PlayerTools/PlayerHands/HandsWithRemovableFIngers.uexp" 120
"D:/Unreal Projects/Bewarehouse/Content/VRTemplateAssets/Blueprints/WidgetMenu.uasset" 121
"D:/Unreal Projects/Bewarehouse/Content/VRTemplateAssets/Blueprints/WidgetMenu.uexp" 122
"../../../Engine/Content/EngineMaterials/T_Default_Material_Grid_N.uasset" 123
"../../../Engine/Content/EngineMaterials/T_Default_Material_Grid_N.uexp" 124
"../../../Engine/Content/EngineMaterials/T_Default_Material_Grid_N.ubulk" 125
"../../../Engine/Content/EngineMaterials/T_Default_Material_Grid_M.uasset" 126
"../../../Engine/Content/EngineMaterials/T_Default_Material_Grid_M.uexp" 127
"../../../Engine/Content/EngineMaterials/T_Default_Material_Grid_M.ubulk" 128
"../../../Engine/Content/Functions/Engine_MaterialFunctions01/Opacity/CameraDepthFade.uasset" 129
"../../../Engine/Content/Functions/Engine_MaterialFunctions01/Opacity/CameraDepthFade.uexp" 130
"../../../Engine/Content/EngineMaterials/DefaultMaterial.uasset" 131
"../../../Engine/Content/EngineMaterials/DefaultMaterial.uexp" 132
"../../../Engine/Content/BasicShapes/Sphere.uasset" 133
"../../../Engine/Content/BasicShapes/Sphere.uexp" 134
"../../../Engine/Plugins/FX/Niagara/Content/Enums/Ribbons/ENiagara_UnsetDirectSetRandom.uasset" 135
"../../../Engine/Plugins/FX/Niagara/Content/Enums/Ribbons/ENiagara_UnsetDirectSetRandom.uexp" 136
"../../../Engine/Plugins/FX/Niagara/Content/Enums/ENiagaraSystemInactiveMode.uasset" 137
"../../../Engine/Plugins/FX/Niagara/Content/Enums/ENiagaraSystemInactiveMode.uexp" 138
"../../../Engine/Plugins/FX/Niagara/Content/Enums/ENiagaraRandomnessMode.uasset" 139
"../../../Engine/Plugins/FX/Niagara/Content/Enums/ENiagaraRandomnessMode.uexp" 140
"../../../Engine/Plugins/FX/Niagara/Content/Enums/ENiagaraInactiveMode.uasset" 141
"../../../Engine/Plugins/FX/Niagara/Content/Enums/ENiagaraInactiveMode.uexp" 142
"../../../Engine/Plugins/FX/Niagara/Content/Enums/ENiagaraEmitterScalabilityMode_Limited.uasset" 143
"../../../Engine/Plugins/FX/Niagara/Content/Enums/ENiagaraEmitterScalabilityMode_Limited.uexp" 144
"../../../Engine/Plugins/FX/Niagara/Content/Enums/ENiagaraChannelCorrelation.uasset" 145
"../../../Engine/Plugins/FX/Niagara/Content/Enums/ENiagaraChannelCorrelation.uexp" 146
"../../../Engine/Plugins/FX/Niagara/Content/Enums/ENiagara_UVFlippingMode.uasset" 147
"../../../Engine/Plugins/FX/Niagara/Content/Enums/ENiagara_UVFlippingMode.uexp" 148
"../../../Engine/Plugins/FX/Niagara/Content/Enums/ENiagara_SpriteRotationMode.uasset" 149
"../../../Engine/Plugins/FX/Niagara/Content/Enums/ENiagara_SpriteRotationMode.uexp" 150
"../../../Engine/Plugins/FX/Niagara/Content/Enums/ENiagara_SizeScaleMode.uasset" 151
"../../../Engine/Plugins/FX/Niagara/Content/Enums/ENiagara_SizeScaleMode.uexp" 152
"../../../Engine/Plugins/FX/Niagara/Content/Enums/ENiagara_PositionInitializationMode.uasset" 153
"../../../Engine/Plugins/FX/Niagara/Content/Enums/ENiagara_PositionInitializationMode.uexp" 154
"../../../Engine/Plugins/FX/Niagara/Content/Enums/ENiagara_MassInitializationMode.uasset" 155
"../../../Engine/Plugins/FX/Niagara/Content/Enums/ENiagara_MassInitializationMode.uexp" 156
"../../../Engine/Plugins/FX/Niagara/Content/Enums/ENiagara_LifetimeMode.uasset" 157
"../../../Engine/Plugins/FX/Niagara/Content/Enums/ENiagara_LifetimeMode.uexp" 158
"../../../Engine/Plugins/FX/Niagara/Content/Enums/ENiagara_InfiniteLoopDuration.uasset" 159
"../../../Engine/Plugins/FX/Niagara/Content/Enums/ENiagara_InfiniteLoopDuration.uexp" 160
"../../../Engine/Plugins/FX/Niagara/Content/Enums/ENiagara_EmitterStateOptions.uasset" 161
"../../../Engine/Plugins/FX/Niagara/Content/Enums/ENiagara_EmitterStateOptions.uexp" 162
"../../../Engine/Plugins/FX/Niagara/Content/Enums/ENiagara_ColorInitializationMode.uasset" 163
"../../../Engine/Plugins/FX/Niagara/Content/Enums/ENiagara_ColorInitializationMode.uexp" 164
"../../../Engine/Plugins/FX/Niagara/Content/Modules/Update/Lifetime/ParticleState.uasset" 165
"../../../Engine/Plugins/FX/Niagara/Content/Modules/Update/Lifetime/ParticleState.uexp" 166
"../../../Engine/Plugins/FX/Niagara/Content/Functions/System/SystemChangeState.uasset" 167
"../../../Engine/Plugins/FX/Niagara/Content/Functions/System/SystemChangeState.uexp" 168
"../../../Engine/Plugins/FX/Niagara/Content/Modules/System/SystemState.uasset" 169
"../../../Engine/Plugins/FX/Niagara/Content/Modules/System/SystemState.uexp" 170
"../../../Engine/Plugins/FX/Niagara/Content/Enums/ENiagaraRandomnessEvaluation.uasset" 171
"../../../Engine/Plugins/FX/Niagara/Content/Enums/ENiagaraRandomnessEvaluation.uexp" 172
"../../../Engine/Plugins/FX/Niagara/Content/Functions/V2/CalculateRandomRangeInteger.uasset" 173
"../../../Engine/Plugins/FX/Niagara/Content/Functions/V2/CalculateRandomRangeInteger.uexp" 174
"../../../Engine/Plugins/FX/Niagara/Content/Functions/V2/CalculateRandomBool.uasset" 175
"../../../Engine/Plugins/FX/Niagara/Content/Functions/V2/CalculateRandomBool.uexp" 176
"../../../Engine/Plugins/FX/Niagara/Content/Functions/Localspace/TransformBase.uasset" 177
"../../../Engine/Plugins/FX/Niagara/Content/Functions/Localspace/TransformBase.uexp" 178
"../../../Engine/Plugins/FX/Niagara/Content/Functions/Localspace/TransformVector.uasset" 179
"../../../Engine/Plugins/FX/Niagara/Content/Functions/Localspace/TransformVector.uexp" 180
"../../../Engine/Plugins/FX/Niagara/Content/Functions/LinearColor/HueShiftLinearColor.uasset" 181
"../../../Engine/Plugins/FX/Niagara/Content/Functions/LinearColor/HueShiftLinearColor.uexp" 182
"../../../Engine/Plugins/FX/Niagara/Content/Functions/V2/CalculateRandomRangeFloat.uasset" 183
"../../../Engine/Plugins/FX/Niagara/Content/Functions/V2/CalculateRandomRangeFloat.uexp" 184
"../../../Engine/Plugins/FX/Niagara/Content/Functions/V2/CalculateRandomRange.uasset" 185
"../../../Engine/Plugins/FX/Niagara/Content/Functions/V2/CalculateRandomRange.uexp" 186
"../../../Engine/Plugins/FX/Niagara/Content/Functions/Localspace/SimulationPosition.uasset" 187
"../../../Engine/Plugins/FX/Niagara/Content/Functions/Localspace/SimulationPosition.uexp" 188
"../../../Engine/Plugins/FX/Niagara/Content/Modules/Spawn/Initialization/V2/InitializeParticle.uasset" 189
"../../../Engine/Plugins/FX/Niagara/Content/Modules/Spawn/Initialization/V2/InitializeParticle.uexp" 190
"../../../Engine/Plugins/FX/Niagara/Content/Modules/Emitter/SpawnBurst_Instantaneous.uasset" 191
"../../../Engine/Plugins/FX/Niagara/Content/Modules/Emitter/SpawnBurst_Instantaneous.uexp" 192
"../../../Engine/Plugins/FX/Niagara/Content/Enums/ENiagaraExecutionStateManagement.uasset" 193
"../../../Engine/Plugins/FX/Niagara/Content/Enums/ENiagaraExecutionStateManagement.uexp" 194
"../../../Engine/Plugins/FX/Niagara/Content/Functions/Emitter/EmitterChangeState.uasset" 195
"../../../Engine/Plugins/FX/Niagara/Content/Functions/Emitter/EmitterChangeState.uexp" 196
"../../../Engine/Plugins/FX/Niagara/Content/Enums/ENiagaraEmitterLifeCycleMode.uasset" 197
"../../../Engine/Plugins/FX/Niagara/Content/Enums/ENiagaraEmitterLifeCycleMode.uexp" 198
"../../../Engine/Plugins/FX/Niagara/Content/Modules/Emitter/EmitterState.uasset" 199
"../../../Engine/Plugins/FX/Niagara/Content/Modules/Emitter/EmitterState.uexp" 200
"../../../Engine/Plugins/FX/Niagara/Content/Functions/Spline/FindPositionOnBezierSpline.uasset" 201
"../../../Engine/Plugins/FX/Niagara/Content/Functions/Spline/FindPositionOnBezierSpline.uexp" 202
"../../../Engine/Plugins/FX/Niagara/Content/Functions/NormalizedExecutionIndex.uasset" 203
"../../../Engine/Plugins/FX/Niagara/Content/Functions/NormalizedExecutionIndex.uexp" 204
"../../../Engine/Plugins/FX/Niagara/Content/Modules/Beams/SpawnBeam.uasset" 205
"../../../Engine/Plugins/FX/Niagara/Content/Modules/Beams/SpawnBeam.uexp" 206
"../../../Engine/Plugins/FX/Niagara/Content/Modules/Beams/BeamWidth.uasset" 207
"../../../Engine/Plugins/FX/Niagara/Content/Modules/Beams/BeamWidth.uexp" 208
"../../../Engine/Plugins/FX/Niagara/Content/Functions/Localspace/TransformPosition.uasset" 209
"../../../Engine/Plugins/FX/Niagara/Content/Functions/Localspace/TransformPosition.uexp" 210
"../../../Engine/Plugins/FX/Niagara/Content/Functions/DirectionAndLengthSafe.uasset" 211
"../../../Engine/Plugins/FX/Niagara/Content/Functions/DirectionAndLengthSafe.uexp" 212
"../../../Engine/Plugins/FX/Niagara/Content/DynamicInputs/Multiply/Multiply_VectorByFloat.uasset" 213
"../../../Engine/Plugins/FX/Niagara/Content/DynamicInputs/Multiply/Multiply_VectorByFloat.uexp" 214
"../../../Engine/Plugins/FX/Niagara/Content/DynamicInputs/Helpers/SimulationPosition.uasset" 215
"../../../Engine/Plugins/FX/Niagara/Content/DynamicInputs/Helpers/SimulationPosition.uexp" 216
"../../../Engine/Plugins/FX/Niagara/Content/Modules/Beams/BeamEmitterSetup.uasset" 217
"../../../Engine/Plugins/FX/Niagara/Content/Modules/Beams/BeamEmitterSetup.uexp" 218
"D:/Unreal Projects/Bewarehouse/Content/VRTemplateAssets/Materials/DefaultRibbonMaterial_NoGradient.uasset" 219
"D:/Unreal Projects/Bewarehouse/Content/VRTemplateAssets/Materials/DefaultRibbonMaterial_NoGradient.uexp" 220
"D:/Unreal Projects/Bewarehouse/Content/VRTemplateAssets/VFX/NS_MenuLaser.uasset" 221
"D:/Unreal Projects/Bewarehouse/Content/VRTemplateAssets/VFX/NS_MenuLaser.uexp" 222
"D:/Unreal Projects/Bewarehouse/Content/VRTemplateAssets/Materials/M_VRCursor.uasset" 223
"D:/Unreal Projects/Bewarehouse/Content/VRTemplateAssets/Materials/M_VRCursor.uexp" 224
"D:/Unreal Projects/Bewarehouse/Content/VRTemplateAssets/Blueprints/Menu.uasset" 225
"D:/Unreal Projects/Bewarehouse/Content/VRTemplateAssets/Blueprints/Menu.uexp" 226
"../../../Engine/Plugins/FX/Niagara/Content/Modules/Update/Color/Color.uasset" 227
"../../../Engine/Plugins/FX/Niagara/Content/Modules/Update/Color/Color.uexp" 228
"../../../Engine/Plugins/FX/Niagara/Content/Functions/GetRandomInfo.uasset" 229
"../../../Engine/Plugins/FX/Niagara/Content/Functions/GetRandomInfo.uexp" 230
"../../../Engine/Plugins/FX/Niagara/Content/Functions/RandomRangeFloat.uasset" 231
"../../../Engine/Plugins/FX/Niagara/Content/Functions/RandomRangeFloat.uexp" 232
"../../../Engine/Plugins/FX/Niagara/Content/Modules/Spawn/Initialization/InitializeParticle.uasset" 233
"../../../Engine/Plugins/FX/Niagara/Content/Modules/Spawn/Initialization/InitializeParticle.uexp" 234
"../../../Engine/Plugins/FX/Niagara/Content/Modules/Solvers/SolveForcesAndVelocity.uasset" 235
"../../../Engine/Plugins/FX/Niagara/Content/Modules/Solvers/SolveForcesAndVelocity.uexp" 236
"../../../Engine/Plugins/FX/Niagara/Content/DynamicInputs/ValueFromCurve/FloatFromCurve.uasset" 237
"../../../Engine/Plugins/FX/Niagara/Content/DynamicInputs/ValueFromCurve/FloatFromCurve.uexp" 238
"../../../Engine/Plugins/FX/Niagara/Content/DynamicInputs/ValueFromCurve/ColorFromCurve.uasset" 239
"../../../Engine/Plugins/FX/Niagara/Content/DynamicInputs/ValueFromCurve/ColorFromCurve.uexp" 240
"D:/Unreal Projects/Bewarehouse/Content/VRTemplateAssets/VFX/NS_TeleportTrace.uasset" 241
"D:/Unreal Projects/Bewarehouse/Content/VRTemplateAssets/VFX/NS_TeleportTrace.uexp" 242
"../../../Engine/Plugins/Runtime/OpenXR/Content/Devices/OculusTouch_v2/MRTexture.uasset" 243
"../../../Engine/Plugins/Runtime/OpenXR/Content/Devices/OculusTouch_v2/MRTexture.uexp" 244
"../../../Engine/Plugins/Runtime/OpenXR/Content/Devices/OculusTouch_v2/MRTexture.ubulk" 245
"../../../Engine/Plugins/Runtime/OpenXR/Content/Devices/OculusTouch_v2/BaseTexture.uasset" 246
"../../../Engine/Plugins/Runtime/OpenXR/Content/Devices/OculusTouch_v2/BaseTexture.uexp" 247
"../../../Engine/Plugins/Runtime/OpenXR/Content/Devices/OculusTouch_v2/BaseTexture.ubulk" 248
"../../../Engine/Content/EngineResources/Black.uasset" 249
"../../../Engine/Content/EngineResources/Black.uexp" 250
"../../../Engine/Content/EngineMaterials/BaseFlattenNormalMap.uasset" 251
"../../../Engine/Content/EngineMaterials/BaseFlattenNormalMap.uexp" 252
"../../../Engine/Plugins/Runtime/OpenXR/Content/Devices/M_XRController.uasset" 253
"../../../Engine/Plugins/Runtime/OpenXR/Content/Devices/M_XRController.uexp" 254
"../../../Engine/Plugins/Runtime/OpenXR/Content/Devices/OculusTouch_v2/MI_OculusTouch_v2.uasset" 255
"../../../Engine/Plugins/Runtime/OpenXR/Content/Devices/OculusTouch_v2/MI_OculusTouch_v2.uexp" 256
"../../../Engine/Plugins/Runtime/OpenXR/Content/Devices/OculusTouch_v2/Left/left_OculusTouch_v2Controller.uasset" 257
"../../../Engine/Plugins/Runtime/OpenXR/Content/Devices/OculusTouch_v2/Left/left_OculusTouch_v2Controller.uexp" 258
"../../../Engine/Plugins/Runtime/OpenXR/Content/Devices/OculusTouch_v2/Right/right_OculusTouch_v2Controller.uasset" 259
"../../../Engine/Plugins/Runtime/OpenXR/Content/Devices/OculusTouch_v2/Right/right_OculusTouch_v2Controller.uexp" 260
"../../../Engine/Plugins/FX/Niagara/Content/DynamicInputs/Execution/ReturnNormalizedExecIndex.uasset" 261
"../../../Engine/Plugins/FX/Niagara/Content/DynamicInputs/Execution/ReturnNormalizedExecIndex.uexp" 262
"D:/Unreal Projects/Bewarehouse/Content/VRTemplateAssets/VFX/NPC_VRTemplate.uasset" 263
"D:/Unreal Projects/Bewarehouse/Content/VRTemplateAssets/VFX/NPC_VRTemplate.uexp" 264
"../../../Engine/Content/Functions/Engine_MaterialFunctions02/Utility/CameraDirectionVector.uasset" 265
"../../../Engine/Content/Functions/Engine_MaterialFunctions02/Utility/CameraDirectionVector.uexp" 266
"../../../Engine/Content/Functions/Engine_MaterialFunctions02/Utility/DepthFromWorldPosition.uasset" 267
"../../../Engine/Content/Functions/Engine_MaterialFunctions02/Utility/DepthFromWorldPosition.uexp" 268
"D:/Unreal Projects/Bewarehouse/Content/VRTemplateAssets/Materials/Functions/MF_OccludedPixels.uasset" 269
"D:/Unreal Projects/Bewarehouse/Content/VRTemplateAssets/Materials/Functions/MF_OccludedPixels.uexp" 270
"../../../Engine/Content/EngineMaterials/Good64x64TilingNoiseHighFreq.uasset" 271
"../../../Engine/Content/EngineMaterials/Good64x64TilingNoiseHighFreq.uexp" 272
"D:/Unreal Projects/Bewarehouse/Content/VRTemplateAssets/Materials/M_TeleportNoise.uasset" 273
"D:/Unreal Projects/Bewarehouse/Content/VRTemplateAssets/Materials/M_TeleportNoise.uexp" 274
"D:/Unreal Projects/Bewarehouse/Content/VRTemplateAssets/Materials/M_TeleportCylinder.uasset" 275
"D:/Unreal Projects/Bewarehouse/Content/VRTemplateAssets/Materials/M_TeleportCylinder.uexp" 276
"../../../Engine/Plugins/FX/Niagara/Content/Enums/ENiagaraTorusMode.uasset" 277
"../../../Engine/Plugins/FX/Niagara/Content/Enums/ENiagaraTorusMode.uexp" 278
"../../../Engine/Content/BasicShapes/Cylinder.uasset" 279
"../../../Engine/Content/BasicShapes/Cylinder.uexp" 280
"../../../Engine/Plugins/FX/Niagara/Content/Functions/Rotation/MultiplyVectorWithQuaternion.uasset" 281
"../../../Engine/Plugins/FX/Niagara/Content/Functions/Rotation/MultiplyVectorWithQuaternion.uexp" 282
"../../../Engine/Plugins/FX/Niagara/Content/Functions/Rotation/FindQuatBetween.uasset" 283
"../../../Engine/Plugins/FX/Niagara/Content/Functions/Rotation/FindQuatBetween.uexp" 284
"../../../Engine/Plugins/FX/Niagara/Content/Functions/RandomRange.uasset" 285
"../../../Engine/Plugins/FX/Niagara/Content/Functions/RandomRange.uexp" 286
"../../../Engine/Plugins/FX/Niagara/Content/Functions/PolarToCartesianCoordinates.uasset" 287
"../../../Engine/Plugins/FX/Niagara/Content/Functions/PolarToCartesianCoordinates.uexp" 288
"../../../Engine/Plugins/FX/Niagara/Content/Functions/ParametricTorusKnot.uasset" 289
"../../../Engine/Plugins/FX/Niagara/Content/Functions/ParametricTorusKnot.uexp" 290
"../../../Engine/Plugins/FX/Niagara/Content/Functions/ParametricTorus.uasset" 291
"../../../Engine/Plugins/FX/Niagara/Content/Functions/ParametricTorus.uexp" 292
"../../../Engine/Plugins/FX/Niagara/Content/Functions/Rotation/AxisAngleToQuaternion.uasset" 293
"../../../Engine/Plugins/FX/Niagara/Content/Functions/Rotation/AxisAngleToQuaternion.uexp" 294
"../../../Engine/Plugins/FX/Niagara/Content/Functions/Rotation/MultiplyQuaternion.uasset" 295
"../../../Engine/Plugins/FX/Niagara/Content/Functions/Rotation/MultiplyQuaternion.uexp" 296
"../../../Engine/Plugins/FX/Niagara/Content/Enums/ENiagaraTorusDistributionMode.uasset" 297
"../../../Engine/Plugins/FX/Niagara/Content/Enums/ENiagaraTorusDistributionMode.uexp" 298
"../../../Engine/Plugins/FX/Niagara/Content/Modules/Spawn/Location/TorusLocation.uasset" 299
"../../../Engine/Plugins/FX/Niagara/Content/Modules/Spawn/Location/TorusLocation.uexp" 300
"../../../Engine/Plugins/FX/Niagara/Content/Enums/Ribbons/ENiagara_UnsetDirectSet.uasset" 301
"../../../Engine/Plugins/FX/Niagara/Content/Enums/Ribbons/ENiagara_UnsetDirectSet.uexp" 302
"../../../Engine/Plugins/FX/Niagara/Content/Modules/Spawn/Initialization/InitializeRibbon.uasset" 303
"../../../Engine/Plugins/FX/Niagara/Content/Modules/Spawn/Initialization/InitializeRibbon.uexp" 304
"D:/Unreal Projects/Bewarehouse/Content/VRTemplateAssets/VFX/NS_TeleportRing.uasset" 305
"D:/Unreal Projects/Bewarehouse/Content/VRTemplateAssets/VFX/NS_TeleportRing.uexp" 306
"../../../Engine/Plugins/FX/Niagara/Content/DynamicInputs/Multiply/Multiply_Vector.uasset" 307
"../../../Engine/Plugins/FX/Niagara/Content/DynamicInputs/Multiply/Multiply_Vector.uexp" 308
"../../../Engine/Plugins/FX/Niagara/Content/DynamicInputs/Execution/ReturnExecIndex.uasset" 309
"../../../Engine/Plugins/FX/Niagara/Content/DynamicInputs/Execution/ReturnExecIndex.uexp" 310
"../../../Engine/Plugins/FX/Niagara/Content/Enums/ENiagaraArraySamplingMode.uasset" 311
"../../../Engine/Plugins/FX/Niagara/Content/Enums/ENiagaraArraySamplingMode.uexp" 312
"../../../Engine/Plugins/FX/Niagara/Content/Enums/ENiagara_WrapClamp.uasset" 313
"../../../Engine/Plugins/FX/Niagara/Content/Enums/ENiagara_WrapClamp.uexp" 314
"../../../Engine/Plugins/FX/Niagara/Content/DynamicInputs/Arrays/SelectVectorFromArray.uasset" 315
"../../../Engine/Plugins/FX/Niagara/Content/DynamicInputs/Arrays/SelectVectorFromArray.uexp" 316
"D:/Unreal Projects/Bewarehouse/Content/VRTemplateAssets/VFX/NS_PlayAreaBounds.uasset" 317
"D:/Unreal Projects/Bewarehouse/Content/VRTemplateAssets/VFX/NS_PlayAreaBounds.uexp" 318
"D:/Unreal Projects/Bewarehouse/Content/VRTemplateAssets/Blueprints/VRTeleportVisualizer.uasset" 319
"D:/Unreal Projects/Bewarehouse/Content/VRTemplateAssets/Blueprints/VRTeleportVisualizer.uexp" 320
"D:/Unreal Projects/Bewarehouse/Content/Bewarehouse/BewarehousePlayer.uasset" 321
"D:/Unreal Projects/Bewarehouse/Content/Bewarehouse/BewarehousePlayer.uexp" 322
"D:/Unreal Projects/Bewarehouse/Content/Bewarehouse/LevelStructureSetup/HomeOffice/MattePaint_Mat.uasset" 323
"D:/Unreal Projects/Bewarehouse/Content/Bewarehouse/LevelStructureSetup/HomeOffice/MattePaint_Mat.uexp" 324
"D:/Unreal Projects/Bewarehouse/Content/Bewarehouse/LevelStructureSetup/Hallways/Tiles_N.uasset" 325
"D:/Unreal Projects/Bewarehouse/Content/Bewarehouse/LevelStructureSetup/Hallways/Tiles_N.uexp" 326
"D:/Unreal Projects/Bewarehouse/Content/Bewarehouse/LevelStructureSetup/Hallways/Tiles_N.ubulk" 327
"D:/Unreal Projects/Bewarehouse/Content/Bewarehouse/LevelStructureSetup/Hallways/Tiles_D.uasset" 328
"D:/Unreal Projects/Bewarehouse/Content/Bewarehouse/LevelStructureSetup/Hallways/Tiles_D.uexp" 329
"D:/Unreal Projects/Bewarehouse/Content/Bewarehouse/LevelStructureSetup/Hallways/Tiles_D.ubulk" 330
"D:/Unreal Projects/Bewarehouse/Content/Bewarehouse/LevelStructureSetup/Hallways/TileFloor_Mat.uasset" 331
"D:/Unreal Projects/Bewarehouse/Content/Bewarehouse/LevelStructureSetup/Hallways/TileFloor_Mat.uexp" 332
"D:/Unreal Projects/Bewarehouse/Content/Bewarehouse/LevelStructureSetup/Hallways/FoamCeiling_S.uasset" 333
"D:/Unreal Projects/Bewarehouse/Content/Bewarehouse/LevelStructureSetup/Hallways/FoamCeiling_S.uexp" 334
"D:/Unreal Projects/Bewarehouse/Content/Bewarehouse/LevelStructureSetup/Hallways/FoamCeiling_S.ubulk" 335
"D:/Unreal Projects/Bewarehouse/Content/Bewarehouse/LevelStructureSetup/Hallways/FoamCeiling_N.uasset" 336
"D:/Unreal Projects/Bewarehouse/Content/Bewarehouse/LevelStructureSetup/Hallways/FoamCeiling_N.uexp" 337
"D:/Unreal Projects/Bewarehouse/Content/Bewarehouse/LevelStructureSetup/Hallways/FoamCeiling_N.ubulk" 338
"D:/Unreal Projects/Bewarehouse/Content/Bewarehouse/LevelStructureSetup/Hallways/FoamCeiling_D.uasset" 339
"D:/Unreal Projects/Bewarehouse/Content/Bewarehouse/LevelStructureSetup/Hallways/FoamCeiling_D.uexp" 340
"D:/Unreal Projects/Bewarehouse/Content/Bewarehouse/LevelStructureSetup/Hallways/FoamCeiling_D.ubulk" 341
"D:/Unreal Projects/Bewarehouse/Content/Bewarehouse/LevelStructureSetup/Hallways/FoamCeiling_E.uasset" 342
"D:/Unreal Projects/Bewarehouse/Content/Bewarehouse/LevelStructureSetup/Hallways/FoamCeiling_E.uexp" 343
"D:/Unreal Projects/Bewarehouse/Content/Bewarehouse/LevelStructureSetup/Hallways/FoamCeiling_E.ubulk" 344
"D:/Unreal Projects/Bewarehouse/Content/Bewarehouse/LevelStructureSetup/Hallways/FoamCeiling_M.uasset" 345
"D:/Unreal Projects/Bewarehouse/Content/Bewarehouse/LevelStructureSetup/Hallways/FoamCeiling_M.uexp" 346
"D:/Unreal Projects/Bewarehouse/Content/Bewarehouse/LevelStructureSetup/Hallways/FoamCeiling_M.ubulk" 347
"D:/Unreal Projects/Bewarehouse/Content/Bewarehouse/LevelStructureSetup/Hallways/FoamTileCeiling_Mat.uasset" 348
"D:/Unreal Projects/Bewarehouse/Content/Bewarehouse/LevelStructureSetup/Hallways/FoamTileCeiling_Mat.uexp" 349
"D:/Unreal Projects/Bewarehouse/Content/Bewarehouse/LevelStructureSetup/Hallways/HallwayStraight.uasset" 350
"D:/Unreal Projects/Bewarehouse/Content/Bewarehouse/LevelStructureSetup/Hallways/HallwayStraight.uexp" 351
"D:/Unreal Projects/Bewarehouse/Content/Bewarehouse/LevelStructureSetup/Hallways/HallwayT.uasset" 352
"D:/Unreal Projects/Bewarehouse/Content/Bewarehouse/LevelStructureSetup/Hallways/HallwayT.uexp" 353
"D:/Unreal Projects/Bewarehouse/Content/Bewarehouse/LevelStructureSetup/Hallways/HallwayCross.uasset" 354
"D:/Unreal Projects/Bewarehouse/Content/Bewarehouse/LevelStructureSetup/Hallways/HallwayCross.uexp" 355
"D:/Unreal Projects/Bewarehouse/Content/Bewarehouse/LevelStructureSetup/Hallways/HallwayCorner.uasset" 356
"D:/Unreal Projects/Bewarehouse/Content/Bewarehouse/LevelStructureSetup/Hallways/HallwayCorner.uexp" 357
"D:/Unreal Projects/Bewarehouse/Content/Bewarehouse/LevelStructureSetup/Hallways/BaseHallway_Chaos0.uasset" 358
"D:/Unreal Projects/Bewarehouse/Content/Bewarehouse/LevelStructureSetup/Hallways/BaseHallway_Chaos0.uexp" 359
"D:/Unreal Projects/Bewarehouse/Content/Bewarehouse/LevelStructureSetup/HomeOffice/Glass_Mat.uasset" 360
"D:/Unreal Projects/Bewarehouse/Content/Bewarehouse/LevelStructureSetup/HomeOffice/Glass_Mat.uexp" 361
"D:/Unreal Projects/Bewarehouse/Content/Bewarehouse/LevelStructureSetup/HomeOffice/Glass_Mat_Tint.uasset" 362
"D:/Unreal Projects/Bewarehouse/Content/Bewarehouse/LevelStructureSetup/HomeOffice/Glass_Mat_Tint.uexp" 363
"D:/Unreal Projects/Bewarehouse/Content/Bewarehouse/LevelStructureSetup/HomeOffice/Metal_N.uasset" 364
"D:/Unreal Projects/Bewarehouse/Content/Bewarehouse/LevelStructureSetup/HomeOffice/Metal_N.uexp" 365
"D:/Unreal Projects/Bewarehouse/Content/Bewarehouse/LevelStructureSetup/HomeOffice/Metal_N.ubulk" 366
"D:/Unreal Projects/Bewarehouse/Content/Bewarehouse/LevelStructureSetup/HomeOffice/MetalFraming_Mat.uasset" 367
"D:/Unreal Projects/Bewarehouse/Content/Bewarehouse/LevelStructureSetup/HomeOffice/MetalFraming_Mat.uexp" 368
"../../../Engine/Content/Animation/DefaultAnimCurveCompressionSettings.uasset" 369
"../../../Engine/Content/Animation/DefaultAnimCurveCompressionSettings.uexp" 370
"../../../Engine/Content/Animation/DefaultAnimBoneCompressionSettings.uasset" 371
"../../../Engine/Content/Animation/DefaultAnimBoneCompressionSettings.uexp" 372
"D:/Unreal Projects/Bewarehouse/Content/Bewarehouse/PlayerTools/PlayerHands/HandsWithRemovableFIngers_Rest.uasset" 373
"D:/Unreal Projects/Bewarehouse/Content/Bewarehouse/PlayerTools/PlayerHands/HandsWithRemovableFIngers_Rest.uexp" 374
"D:/Unreal Projects/Bewarehouse/Content/FPWeapon/Materials/MaterialLayers/T_ML_FineRubber.uasset" 375
"D:/Unreal Projects/Bewarehouse/Content/FPWeapon/Materials/MaterialLayers/T_ML_FineRubber.uexp" 376
"D:/Unreal Projects/Bewarehouse/Content/FPWeapon/Materials/MaterialLayers/T_ML_FineRubber.ubulk" 377
"D:/Unreal Projects/Bewarehouse/Content/Geometry/Meshes/CubeMaterial.uasset" 378
"D:/Unreal Projects/Bewarehouse/Content/Geometry/Meshes/CubeMaterial.uexp" 379
"D:/Unreal Projects/Bewarehouse/Content/Geometry/Meshes/1M_Cube.uasset" 380
"D:/Unreal Projects/Bewarehouse/Content/Geometry/Meshes/1M_Cube.uexp" 381
"D:/Unreal Projects/Bewarehouse/Content/Geometry/Meshes/1M_Cube_Chamfer.uasset" 382
"D:/Unreal Projects/Bewarehouse/Content/Geometry/Meshes/1M_Cube_Chamfer.uexp" 383
"D:/Unreal Projects/Bewarehouse/Content/Geometry/Meshes/TemplateFloor.uasset" 384
"D:/Unreal Projects/Bewarehouse/Content/Geometry/Meshes/TemplateFloor.uexp" 385
"../../../Engine/Content/EditorResources/MatineeCam_D.uasset" 386
"../../../Engine/Content/EditorResources/MatineeCam_D.uexp" 387
"../../../Engine/Content/EditorMaterials/MatineeCam_mat.uasset" 388
"../../../Engine/Content/EditorMaterials/MatineeCam_mat.uexp" 389
"../../../Engine/Content/EditorMeshes/MatineeCam_SM.uasset" 390
"../../../Engine/Content/EditorMeshes/MatineeCam_SM.uexp" 391
"D:/Unreal Projects/Bewarehouse/Content/VRSpectator/RT_VRSpectator.uasset" 392
"D:/Unreal Projects/Bewarehouse/Content/VRSpectator/RT_VRSpectator.uexp" 393
"D:/Unreal Projects/Bewarehouse/Content/VRSpectator/VRSpectator.uasset" 394
"D:/Unreal Projects/Bewarehouse/Content/VRSpectator/VRSpectator.uexp" 395
"D:/Unreal Projects/Bewarehouse/Content/VRTemplateAssets/Audio/Fire01.uasset" 396
"D:/Unreal Projects/Bewarehouse/Content/VRTemplateAssets/Audio/Fire01.uexp" 397
"D:/Unreal Projects/Bewarehouse/Content/VRTemplateAssets/Audio/Fire_Cue.uasset" 398
"D:/Unreal Projects/Bewarehouse/Content/VRTemplateAssets/Audio/Fire_Cue.uexp" 399
"../../../Engine/Content/VREditor/BasicMeshes/T_CleanFloorGrunge_01_D.uasset" 400
"../../../Engine/Content/VREditor/BasicMeshes/T_CleanFloorGrunge_01_D.uexp" 401
"../../../Engine/Content/VREditor/BasicMeshes/T_CleanFloorGrunge_01_D.ubulk" 402
"../../../Engine/Content/VREditor/BasicMeshes/M_Floor_01.uasset" 403
"../../../Engine/Content/VREditor/BasicMeshes/M_Floor_01.uexp" 404
"../../../Engine/Content/VREditor/BasicMeshes/MI_Cube_01.uasset" 405
"../../../Engine/Content/VREditor/BasicMeshes/MI_Cube_01.uexp" 406
"../../../Engine/Content/VREditor/BasicMeshes/SM_Cube_01.uasset" 407
"../../../Engine/Content/VREditor/BasicMeshes/SM_Cube_01.uexp" 408
"D:/Unreal Projects/Bewarehouse/Content/VRTemplateAssets/Blueprints/Grabbable_SmallCube.uasset" 409
"D:/Unreal Projects/Bewarehouse/Content/VRTemplateAssets/Blueprints/Grabbable_SmallCube.uexp" 410
"D:/Unreal Projects/Bewarehouse/Content/VRTemplateAssets/Haptics/PistolFireHapticEffect.uasset" 411
"D:/Unreal Projects/Bewarehouse/Content/VRTemplateAssets/Haptics/PistolFireHapticEffect.uexp" 412
"D:/Unreal Projects/Bewarehouse/Content/VRTemplateAssets/Materials/M_Projectile.uasset" 413
"D:/Unreal Projects/Bewarehouse/Content/VRTemplateAssets/Materials/M_Projectile.uexp" 414
"D:/Unreal Projects/Bewarehouse/Content/VRTemplateAssets/Materials/MI_Projectile.uasset" 415
"D:/Unreal Projects/Bewarehouse/Content/VRTemplateAssets/Materials/MI_Projectile.uexp" 416
"D:/Unreal Projects/Bewarehouse/Content/VRTemplateAssets/Blueprints/Projectile.uasset" 417
"D:/Unreal Projects/Bewarehouse/Content/VRTemplateAssets/Blueprints/Projectile.uexp" 418
"D:/Unreal Projects/Bewarehouse/Content/FPWeapon/Mesh/SK_FPGun_Skeleton.uasset" 419
"D:/Unreal Projects/Bewarehouse/Content/FPWeapon/Mesh/SK_FPGun_Skeleton.uexp" 420
"D:/Unreal Projects/Bewarehouse/Content/FPWeapon/Mesh/SK_FPGun_PhysicsAsset.uasset" 421
"D:/Unreal Projects/Bewarehouse/Content/FPWeapon/Mesh/SK_FPGun_PhysicsAsset.uexp" 422
"D:/Unreal Projects/Bewarehouse/Content/FPWeapon/Textures/T_FPGun_N.uasset" 423
"D:/Unreal Projects/Bewarehouse/Content/FPWeapon/Textures/T_FPGun_N.uexp" 424
"D:/Unreal Projects/Bewarehouse/Content/FPWeapon/Textures/T_FPGun_N.ubulk" 425
"D:/Unreal Projects/Bewarehouse/Content/FPWeapon/Textures/T_FPGun_M.uasset" 426
"D:/Unreal Projects/Bewarehouse/Content/FPWeapon/Textures/T_FPGun_M.uexp" 427
"D:/Unreal Projects/Bewarehouse/Content/FPWeapon/Textures/T_FPGun_M.ubulk" 428
"D:/Unreal Projects/Bewarehouse/Content/FPWeapon/Materials/MaterialLayers/T_ML_Rubber_Blue_01_N.uasset" 429
"D:/Unreal Projects/Bewarehouse/Content/FPWeapon/Materials/MaterialLayers/T_ML_Rubber_Blue_01_N.uexp" 430
"D:/Unreal Projects/Bewarehouse/Content/FPWeapon/Materials/MaterialLayers/T_ML_Rubber_Blue_01_N.ubulk" 431
"D:/Unreal Projects/Bewarehouse/Content/FPWeapon/Materials/MaterialLayers/T_ML_Rubber_Blue_01_D.uasset" 432
"D:/Unreal Projects/Bewarehouse/Content/FPWeapon/Materials/MaterialLayers/T_ML_Rubber_Blue_01_D.uexp" 433
"D:/Unreal Projects/Bewarehouse/Content/FPWeapon/Materials/MaterialLayers/T_ML_Rubber_Blue_01_D.ubulk" 434
"D:/Unreal Projects/Bewarehouse/Content/FPWeapon/Materials/MaterialLayers/T_ML_Aluminum01_N.uasset" 435
"D:/Unreal Projects/Bewarehouse/Content/FPWeapon/Materials/MaterialLayers/T_ML_Aluminum01_N.uexp" 436
"D:/Unreal Projects/Bewarehouse/Content/FPWeapon/Materials/MaterialLayers/T_ML_Aluminum01_N.ubulk" 437
"D:/Unreal Projects/Bewarehouse/Content/FPWeapon/Materials/MaterialLayers/T_ML_Aluminum01.uasset" 438
"D:/Unreal Projects/Bewarehouse/Content/FPWeapon/Materials/MaterialLayers/T_ML_Aluminum01.uexp" 439
"D:/Unreal Projects/Bewarehouse/Content/FPWeapon/Materials/MaterialLayers/T_ML_Aluminum01.ubulk" 440
"D:/Unreal Projects/Bewarehouse/Content/FPWeapon/Materials/MaterialLayers/ML_SoftMetal_UE4.uasset" 441
"D:/Unreal Projects/Bewarehouse/Content/FPWeapon/Materials/MaterialLayers/ML_SoftMetal_UE4.uexp" 442
"D:/Unreal Projects/Bewarehouse/Content/FPWeapon/Materials/MaterialLayers/ML_Screen.uasset" 443
"D:/Unreal Projects/Bewarehouse/Content/FPWeapon/Materials/MaterialLayers/ML_Screen.uexp" 444
"D:/Unreal Projects/Bewarehouse/Content/FPWeapon/Materials/MaterialLayers/ML_Plastic_Shiny_Beige.uasset" 445
"D:/Unreal Projects/Bewarehouse/Content/FPWeapon/Materials/MaterialLayers/ML_Plastic_Shiny_Beige.uexp" 446
"D:/Unreal Projects/Bewarehouse/Content/FPWeapon/Materials/MaterialLayers/ML_GlossyBlack_Latex_UE4.uasset" 447
"D:/Unreal Projects/Bewarehouse/Content/FPWeapon/Materials/MaterialLayers/ML_GlossyBlack_Latex_UE4.uexp" 448
"../../../Engine/Content/Functions/MaterialLayerFunctions/MatLayerBlend_Simple.uasset" 449
"../../../Engine/Content/Functions/MaterialLayerFunctions/MatLayerBlend_Simple.uexp" 450
"../../../Engine/Content/Functions/Engine_MaterialFunctions02/Utility/BlendAngleCorrectedNormals.uasset" 451
"../../../Engine/Content/Functions/Engine_MaterialFunctions02/Utility/BlendAngleCorrectedNormals.uexp" 452
"../../../Engine/Content/Functions/MaterialLayerFunctions/MatLayerBlend_NormalBlend.uasset" 453
"../../../Engine/Content/Functions/MaterialLayerFunctions/MatLayerBlend_NormalBlend.uexp" 454
"D:/Unreal Projects/Bewarehouse/Content/FPWeapon/Materials/M_FPGun.uasset" 455
"D:/Unreal Projects/Bewarehouse/Content/FPWeapon/Materials/M_FPGun.uexp" 456
"D:/Unreal Projects/Bewarehouse/Content/FPWeapon/Mesh/SK_FPGun.uasset" 457
"D:/Unreal Projects/Bewarehouse/Content/FPWeapon/Mesh/SK_FPGun.uexp" 458
"D:/Unreal Projects/Bewarehouse/Content/VRTemplateAssets/Blueprints/Pistol.uasset" 459
"D:/Unreal Projects/Bewarehouse/Content/VRTemplateAssets/Blueprints/Pistol.uexp" 460
"D:/Unreal Projects/Bewarehouse/Content/VRTemplateAssets/Blueprints/VRPawn.uasset" 461
"D:/Unreal Projects/Bewarehouse/Content/VRTemplateAssets/Blueprints/VRPawn.uexp" 462
"D:/Unreal Projects/Bewarehouse/Content/VRTemplateAssets/Blueprints/VRGameMode.uasset" 463
"D:/Unreal Projects/Bewarehouse/Content/VRTemplateAssets/Blueprints/VRGameMode.uexp" 464
"D:/Unreal Projects/Bewarehouse/Content/VRTemplateAssets/Textures/T_Grid.uasset" 465
"D:/Unreal Projects/Bewarehouse/Content/VRTemplateAssets/Textures/T_Grid.uexp" 466
"D:/Unreal Projects/Bewarehouse/Content/VRTemplateAssets/Textures/T_Grid.ubulk" 467
"../../../Engine/Content/EngineMaterials/DefaultDiffuse.uasset" 468
"../../../Engine/Content/EngineMaterials/DefaultDiffuse.uexp" 469
"../../../Engine/Content/EngineMaterials/DefaultDiffuse.ubulk" 470
"../../../Engine/Content/Functions/Engine_MaterialFunctions02/Utility/MakeFloat3.uasset" 471
"../../../Engine/Content/Functions/Engine_MaterialFunctions02/Utility/MakeFloat3.uexp" 472
"../../../Engine/Content/Functions/Engine_MaterialFunctions02/Utility/AppendMany.uasset" 473
"../../../Engine/Content/Functions/Engine_MaterialFunctions02/Utility/AppendMany.uexp" 474
"../../../Engine/Content/Functions/Engine_MaterialFunctions01/Gradient/LinearGradient.uasset" 475
"../../../Engine/Content/Functions/Engine_MaterialFunctions01/Gradient/LinearGradient.uexp" 476
"../../../Engine/Content/Functions/Engine_MaterialFunctions01/ImageAdjustment/CheapContrast.uasset" 477
"../../../Engine/Content/Functions/Engine_MaterialFunctions01/ImageAdjustment/CheapContrast.uexp" 478
"../../../Engine/Content/Functions/Engine_MaterialFunctions01/Texturing/WorldAlignedTexture.uasset" 479
"../../../Engine/Content/Functions/Engine_MaterialFunctions01/Texturing/WorldAlignedTexture.uexp" 480
"D:/Unreal Projects/Bewarehouse/Content/VRTemplateAssets/Materials/M_GridRotation.uasset" 481
"D:/Unreal Projects/Bewarehouse/Content/VRTemplateAssets/Materials/M_GridRotation.uexp" 482
"D:/Unreal Projects/Bewarehouse/Content/VRTemplateAssets/Materials/MI_Grid_Accent.uasset" 483
"D:/Unreal Projects/Bewarehouse/Content/VRTemplateAssets/Materials/MI_Grid_Accent.uexp" 484
"D:/Unreal Projects/Bewarehouse/Content/VRTemplateAssets/Materials/MI_Grid_Default.uasset" 485
"D:/Unreal Projects/Bewarehouse/Content/VRTemplateAssets/Materials/MI_Grid_Default.uexp" 486
"D:/Unreal Projects/Bewarehouse/Content/VRTemplateAssets/Materials/Functions/MF_LightmassReplace.uasset" 487
"D:/Unreal Projects/Bewarehouse/Content/VRTemplateAssets/Materials/Functions/MF_LightmassReplace.uexp" 488
"../../../Engine/Content/EngineMaterials/WorldGridMaterial.uasset" 489
"../../../Engine/Content/EngineMaterials/WorldGridMaterial.uexp" 490
"../../../Engine/Content/ArtTools/RenderToTexture/Meshes/S_1_Unit_Plane.uasset" 491
"../../../Engine/Content/ArtTools/RenderToTexture/Meshes/S_1_Unit_Plane.uexp" 492
"../../../Engine/Content/BasicShapes/Cone.uasset" 493
"../../../Engine/Content/BasicShapes/Cone.uexp" 494
"../../../Engine/Content/BasicShapes/Cube.uasset" 495
"../../../Engine/Content/BasicShapes/Cube.uexp" 496
"../../../Engine/Content/BasicShapes/Plane.uasset" 497
"../../../Engine/Content/BasicShapes/Plane.uexp" 498
"../../../Engine/Content/EditorLandscapeResources/DataLayer.uasset" 499
"../../../Engine/Content/EditorLandscapeResources/DataLayer.uexp" 500
"../../../Engine/Content/EditorLandscapeResources/DefaultAlphaTexture.uasset" 501
"../../../Engine/Content/EditorLandscapeResources/DefaultAlphaTexture.uexp" 502
"../../../Engine/Content/EditorMaterials/MAT_Groups_Toggle.uasset" 503
"../../../Engine/Content/EditorMaterials/MAT_Groups_Toggle.uexp" 504
"../../../Engine/Content/EditorMaterials/MAT_Groups_Visibility.uasset" 505
"../../../Engine/Content/EditorMaterials/MAT_Groups_Visibility.uexp" 506
"../../../Engine/Content/EditorMaterials/PreviewShadowIndicator.uasset" 507
"../../../Engine/Content/EditorMaterials/PreviewShadowIndicator.uexp" 508
"../../../Engine/Content/EditorMaterials/PreviewShadowIndicator.ubulk" 509
"../../../Engine/Content/EditorMaterials/PreviewShadowIndicatorMaterial.uasset" 510
"../../../Engine/Content/EditorMaterials/PreviewShadowIndicatorMaterial.uexp" 511
"../../../Engine/Content/EditorMaterials/MatineeGroups/MAT_ColorTrack.uasset" 512
"../../../Engine/Content/EditorMaterials/MatineeGroups/MAT_ColorTrack.uexp" 513
"../../../Engine/Content/EditorMaterials/MatineeGroups/MAT_Groups_Anim.uasset" 514
"../../../Engine/Content/EditorMaterials/MatineeGroups/MAT_Groups_Anim.uexp" 515
"../../../Engine/Content/EditorMaterials/MatineeGroups/MAT_Groups_AudioMaster.uasset" 516
"../../../Engine/Content/EditorMaterials/MatineeGroups/MAT_Groups_AudioMaster.uexp" 517
"../../../Engine/Content/EditorMaterials/MatineeGroups/MAT_Groups_Director.uasset" 518
"../../../Engine/Content/EditorMaterials/MatineeGroups/MAT_Groups_Director.uexp" 519
"../../../Engine/Content/EditorMaterials/MatineeGroups/MAT_Groups_Event.uasset" 520
"../../../Engine/Content/EditorMaterials/MatineeGroups/MAT_Groups_Event.uexp" 521
"../../../Engine/Content/EditorMaterials/MatineeGroups/MAT_Groups_Fade.uasset" 522
"../../../Engine/Content/EditorMaterials/MatineeGroups/MAT_Groups_Fade.uexp" 523
"../../../Engine/Content/EditorMaterials/MatineeGroups/MAT_Groups_Float.uasset" 524
"../../../Engine/Content/EditorMaterials/MatineeGroups/MAT_Groups_Float.uexp" 525
"../../../Engine/Content/EditorMaterials/MatineeGroups/MAT_Groups_Move.uasset" 526
"../../../Engine/Content/EditorMaterials/MatineeGroups/MAT_Groups_Move.uexp" 527
"../../../Engine/Content/EditorMaterials/MatineeGroups/MAT_Groups_Slomo.uasset" 528
"../../../Engine/Content/EditorMaterials/MatineeGroups/MAT_Groups_Slomo.uexp" 529
"../../../Engine/Content/EditorMaterials/MatineeGroups/MAT_Groups_Sound.uasset" 530
"../../../Engine/Content/EditorMaterials/MatineeGroups/MAT_Groups_Sound.uexp" 531
"../../../Engine/Content/EditorMaterials/MatineeGroups/MAT_Groups_Vector.uasset" 532
"../../../Engine/Content/EditorMaterials/MatineeGroups/MAT_Groups_Vector.uexp" 533
"../../../Engine/Content/EditorMaterials/ParticleSystems/PSysThumbnail_NoImage.uasset" 534
"../../../Engine/Content/EditorMaterials/ParticleSystems/PSysThumbnail_NoImage.uexp" 535
"../../../Engine/Content/EditorMaterials/ParticleSystems/PSysThumbnail_NoImage.ubulk" 536
"../../../Engine/Content/EditorMaterials/ParticleSystems/PSysThumbnail_OOD.uasset" 537
"../../../Engine/Content/EditorMaterials/ParticleSystems/PSysThumbnail_OOD.uexp" 538
"../../../Engine/Content/EditorMaterials/ParticleSystems/PSysThumbnail_OOD.ubulk" 539
"../../../Engine/Content/EditorMaterials/Camera/CineMat.uasset" 540
"../../../Engine/Content/EditorMaterials/Camera/CineMat.uexp" 541
"../../../Engine/Content/EditorMaterials/Camera/MI_CineMat_Rig.uasset" 542
"../../../Engine/Content/EditorMaterials/Camera/MI_CineMat_Rig.uexp" 543
"../../../Engine/Content/EditorMeshes/Camera/SM_CraneRig_Arm.uasset" 544
"../../../Engine/Content/EditorMeshes/Camera/SM_CraneRig_Arm.uexp" 545
"../../../Engine/Content/EditorMeshes/Camera/SM_CraneRig_Base.uasset" 546
"../../../Engine/Content/EditorMeshes/Camera/SM_CraneRig_Base.uexp" 547
"../../../Engine/Content/EditorMeshes/Camera/SM_CraneRig_Body.uasset" 548
"../../../Engine/Content/EditorMeshes/Camera/SM_CraneRig_Body.uexp" 549
"../../../Engine/Content/EditorMeshes/Camera/SM_CraneRig_Mount.uasset" 550
"../../../Engine/Content/EditorMeshes/Camera/SM_CraneRig_Mount.uexp" 551
"../../../Engine/Content/EditorMeshes/Camera/SM_RailRig_Mount.uasset" 552
"../../../Engine/Content/EditorMeshes/Camera/SM_RailRig_Mount.uexp" 553
"../../../Engine/Content/EditorMeshes/Camera/SM_RailRig_Track.uasset" 554
"../../../Engine/Content/EditorMeshes/Camera/SM_RailRig_Track.uexp" 555
"../../../Engine/Content/EditorResources/BSPVertex.uasset" 556
"../../../Engine/Content/EditorResources/BSPVertex.uexp" 557
"../../../Engine/Content/EditorResources/EmptyActor.uasset" 558
"../../../Engine/Content/EditorResources/EmptyActor.uexp" 559
"../../../Engine/Content/EditorResources/S_Actor.uasset" 560
"../../../Engine/Content/EditorResources/S_Actor.uexp" 561
"../../../Engine/Content/EditorResources/S_Actor.ubulk" 562
"../../../Engine/Content/EditorResources/S_Note.uasset" 563
"../../../Engine/Content/EditorResources/S_Note.uexp" 564
"../../../Engine/Content/EditorResources/S_Note.ubulk" 565
"../../../Engine/Content/EditorResources/S_Solver.uasset" 566
"../../../Engine/Content/EditorResources/S_Solver.uexp" 567
"../../../Engine/Content/EditorResources/S_Solver.ubulk" 568
"../../../Engine/Content/EditorResources/S_Terrain.uasset" 569
"../../../Engine/Content/EditorResources/S_Terrain.uexp" 570
"../../../Engine/Content/EditorResources/S_Terrain.ubulk" 571
"../../../Engine/Content/EditorResources/S_Trigger.uasset" 572
"../../../Engine/Content/EditorResources/S_Trigger.uexp" 573
"../../../Engine/Content/EditorResources/S_Trigger.ubulk" 574
"../../../Engine/Content/EditorResources/SequenceRecorder/Countdown.uasset" 575
"../../../Engine/Content/EditorResources/SequenceRecorder/Countdown.uexp" 576
"../../../Engine/Content/EditorResources/SequenceRecorder/RecordingIndicator.uasset" 577
"../../../Engine/Content/EditorResources/SequenceRecorder/RecordingIndicator.uexp" 578
"../../../Engine/Content/EngineDamageTypes/DmgTypeBP_Environmental.uasset" 579
"../../../Engine/Content/EngineDamageTypes/DmgTypeBP_Environmental.uexp" 580
"../../../Engine/Content/EngineDebugMaterials/DebugEditorMaterial.uasset" 581
"../../../Engine/Content/EngineDebugMaterials/DebugEditorMaterial.uexp" 582
"../../../Engine/Content/EngineDebugMaterials/DebugMeshMaterial.uasset" 583
"../../../Engine/Content/EngineDebugMaterials/DebugMeshMaterial.uexp" 584
"../../../Engine/Content/EngineDebugMaterials/M_SimpleUnlitTranslucent.uasset" 585
"../../../Engine/Content/EngineDebugMaterials/M_SimpleUnlitTranslucent.uexp" 586
"../../../Engine/Content/EngineDebugMaterials/VolumeToRender.uasset" 587
"../../../Engine/Content/EngineDebugMaterials/VolumeToRender.uexp" 588
"../../../Engine/Content/EngineDebugMaterials/M_VolumeRenderSphereTracePP.uasset" 589
"../../../Engine/Content/EngineDebugMaterials/M_VolumeRenderSphereTracePP.uexp" 590
"../../../Engine/Content/Functions/Engine_MaterialFunctions01/Shading/ConvertFromDiffSpec.uasset" 591
"../../../Engine/Content/Functions/Engine_MaterialFunctions01/Shading/ConvertFromDiffSpec.uexp" 592
"../../../Engine/Content/EngineDebugMaterials/VertexColorMaterial.uasset" 593
"../../../Engine/Content/EngineDebugMaterials/VertexColorMaterial.uexp" 594
"../../../Engine/Content/EngineDebugMaterials/WireframeMaterial.uasset" 595
"../../../Engine/Content/EngineDebugMaterials/WireframeMaterial.uexp" 596
"../../../Engine/Content/EngineFonts/Faces/RobotoRegular.uasset" 597
"../../../Engine/Content/EngineFonts/Faces/RobotoRegular.uexp" 598
"../../../Engine/Content/EngineFonts/Faces/RobotoRegular.ufont" 599
"../../../Engine/Content/EngineFonts/Faces/RobotoLight.uasset" 600
"../../../Engine/Content/EngineFonts/Faces/RobotoLight.uexp" 601
"../../../Engine/Content/EngineFonts/Faces/RobotoLight.ufont" 602
"../../../Engine/Content/EngineFonts/Faces/RobotoItalic.uasset" 603
"../../../Engine/Content/EngineFonts/Faces/RobotoItalic.uexp" 604
"../../../Engine/Content/EngineFonts/Faces/RobotoItalic.ufont" 605
"../../../Engine/Content/EngineFonts/Faces/RobotoBoldItalic.uasset" 606
"../../../Engine/Content/EngineFonts/Faces/RobotoBoldItalic.uexp" 607
"../../../Engine/Content/EngineFonts/Faces/RobotoBoldItalic.ufont" 608
"../../../Engine/Content/EngineFonts/Faces/RobotoBold.uasset" 609
"../../../Engine/Content/EngineFonts/Faces/RobotoBold.uexp" 610
"../../../Engine/Content/EngineFonts/Faces/RobotoBold.ufont" 611
"../../../Engine/Content/EngineFonts/Faces/DroidSansFallback.uasset" 612
"../../../Engine/Content/EngineFonts/Faces/DroidSansFallback.uexp" 613
"../../../Engine/Content/EngineFonts/Faces/DroidSansFallback.ufont" 614
"../../../Engine/Content/EngineFonts/Roboto.uasset" 615
"../../../Engine/Content/EngineFonts/Roboto.uexp" 616
"../../../Engine/Content/EngineMaterials/BaseFlattenGrayscaleMap.uasset" 617
"../../../Engine/Content/EngineMaterials/BaseFlattenGrayscaleMap.uexp" 618
"../../../Engine/Content/EngineMaterials/BaseFlattenEmissiveMap.uasset" 619
"../../../Engine/Content/EngineMaterials/BaseFlattenEmissiveMap.uexp" 620
"../../../Engine/Content/EngineMaterials/BaseFlattenDiffuseMap.uasset" 621
"../../../Engine/Content/EngineMaterials/BaseFlattenDiffuseMap.uexp" 622
"../../../Engine/Content/EngineMaterials/BaseFlattenMaterial.uasset" 623
"../../../Engine/Content/EngineMaterials/BaseFlattenMaterial.uexp" 624
"../../../Engine/Content/EngineMaterials/BlueNoise.uasset" 625
"../../../Engine/Content/EngineMaterials/BlueNoise.uexp" 626
"../../../Engine/Content/EngineMaterials/DefaultBloomKernel.uasset" 627
"../../../Engine/Content/EngineMaterials/DefaultBloomKernel.uexp" 628
"../../../Engine/Content/EngineMaterials/DefaultBokeh.uasset" 629
"../../../Engine/Content/EngineMaterials/DefaultBokeh.uexp" 630
"../../../Engine/Content/EngineMaterials/DefaultDeferredDecalMaterial.uasset" 631
"../../../Engine/Content/EngineMaterials/DefaultDeferredDecalMaterial.uexp" 632
"../../../Engine/Content/EngineMaterials/DefaultLightFunctionMaterial.uasset" 633
"../../../Engine/Content/EngineMaterials/DefaultLightFunctionMaterial.uexp" 634
"../../../Engine/Content/EngineMaterials/DefaultPhysicalMaterial.uasset" 635
"../../../Engine/Content/EngineMaterials/DefaultPhysicalMaterial.uexp" 636
"../../../Engine/Content/Functions/Engine_MaterialFunctions02/Utility/BreakOutFloat2Components.uasset" 637
"../../../Engine/Content/Functions/Engine_MaterialFunctions02/Utility/BreakOutFloat2Components.uexp" 638
"../../../Engine/Content/EngineMaterials/DefaultPostProcessMaterial.uasset" 639
"../../../Engine/Content/EngineMaterials/DefaultPostProcessMaterial.uexp" 640
"../../../Engine/Content/EngineFonts/RobotoDistanceField.uasset" 641
"../../../Engine/Content/EngineFonts/RobotoDistanceField.uexp" 642
"../../../Engine/Content/EngineMaterials/DefaultTextMaterialOpaque.uasset" 643
"../../../Engine/Content/EngineMaterials/DefaultTextMaterialOpaque.uexp" 644
"../../../Engine/Content/EngineMaterials/DefaultWhiteGrid.uasset" 645
"../../../Engine/Content/EngineMaterials/DefaultWhiteGrid.uexp" 646
"../../../Engine/Content/EngineMaterials/DefaultWhiteGrid.ubulk" 647
"../../../Engine/Content/EngineMaterials/DefaultWhiteGrid_Low.uasset" 648
"../../../Engine/Content/EngineMaterials/DefaultWhiteGrid_Low.uexp" 649
"../../../Engine/Content/EngineMaterials/EmissiveMeshMaterial.uasset" 650
"../../../Engine/Content/EngineMaterials/EmissiveMeshMaterial.uexp" 651
"../../../Engine/Content/EngineMaterials/GizmoMaterial.uasset" 652
"../../../Engine/Content/EngineMaterials/GizmoMaterial.uexp" 653
"../../../Engine/Content/EngineMaterials/MiniFont.uasset" 654
"../../../Engine/Content/EngineMaterials/MiniFont.uexp" 655
"../../../Engine/Content/EngineMaterials/InvalidLightmapSettings.uasset" 656
"../../../Engine/Content/EngineMaterials/InvalidLightmapSettings.uexp" 657
"../../../Engine/Content/EngineMaterials/InvalidLightmapSettings.ubulk" 658
"../../../Engine/Content/EngineMaterials/M_InvalidLightmapSettings.uasset" 659
"../../../Engine/Content/EngineMaterials/M_InvalidLightmapSettings.uexp" 660
"../../../Engine/Content/Functions/Engine_MaterialFunctions02/WorldPositionOffset/CameraOffset.uasset" 661
"../../../Engine/Content/Functions/Engine_MaterialFunctions02/WorldPositionOffset/CameraOffset.uexp" 662
"../../../Engine/Content/EngineMaterials/PhAT_JointLimitMaterial.uasset" 663
"../../../Engine/Content/EngineMaterials/PhAT_JointLimitMaterial.uexp" 664
"../../../Engine/Content/EngineMaterials/PreintegratedSkinBRDF.uasset" 665
"../../../Engine/Content/EngineMaterials/PreintegratedSkinBRDF.uexp" 666
"../../../Engine/Content/EngineMaterials/RemoveSurfaceMaterial.uasset" 667
"../../../Engine/Content/EngineMaterials/RemoveSurfaceMaterial.uexp" 668
"../../../Engine/Content/EngineMaterials/WeightMapPlaceholderTexture.uasset" 669
"../../../Engine/Content/EngineMaterials/WeightMapPlaceholderTexture.uexp" 670
"../../../Engine/Content/EngineResources/WhiteSquareTexture.uasset" 671
"../../../Engine/Content/EngineResources/WhiteSquareTexture.uexp" 672
"../../../Engine/Content/EngineMaterials/Widget3DPassThrough.uasset" 673
"../../../Engine/Content/EngineMaterials/Widget3DPassThrough.uexp" 674
"../../../Engine/Content/EngineMaterials/Widget3DPassThrough_Masked.uasset" 675
"../../../Engine/Content/EngineMaterials/Widget3DPassThrough_Masked.uexp" 676
"../../../Engine/Content/EngineMaterials/Widget3DPassThrough_Opaque.uasset" 677
"../../../Engine/Content/EngineMaterials/Widget3DPassThrough_Opaque.uexp" 678
"../../../Engine/Content/EngineMaterials/Widget3DPassThrough_Masked_OneSided.uasset" 679
"../../../Engine/Content/EngineMaterials/Widget3DPassThrough_Masked_OneSided.uexp" 680
"../../../Engine/Content/EngineMaterials/Widget3DPassThrough_Opaque_OneSided.uasset" 681
"../../../Engine/Content/EngineMaterials/Widget3DPassThrough_Opaque_OneSided.uexp" 682
"../../../Engine/Content/EngineMaterials/Widget3DPassThrough_Translucent.uasset" 683
"../../../Engine/Content/EngineMaterials/Widget3DPassThrough_Translucent.uexp" 684
"../../../Engine/Content/EngineMaterials/Widget3DPassThrough_Translucent_OneSided.uasset" 685
"../../../Engine/Content/EngineMaterials/Widget3DPassThrough_Translucent_OneSided.uexp" 686
"../../../Engine/Content/EngineMeshes/Cylinder.uasset" 687
"../../../Engine/Content/EngineMeshes/Cylinder.uexp" 688
"../../../Engine/Content/EngineMeshes/Sphere.uasset" 689
"../../../Engine/Content/EngineMeshes/Sphere.uexp" 690
"../../../Engine/Content/EngineResources/DefaultTexture.uasset" 691
"../../../Engine/Content/EngineResources/DefaultTexture.uexp" 692
"../../../Engine/Content/EngineResources/DefaultTexture.ubulk" 693
"../../../Engine/Content/EngineResources/DefaultTextureCube.uasset" 694
"../../../Engine/Content/EngineResources/DefaultTextureCube.uexp" 695
"../../../Engine/Content/EngineResources/DefaultVolumeTexture2D.uasset" 696
"../../../Engine/Content/EngineResources/DefaultVolumeTexture2D.uexp" 697
"../../../Engine/Content/EngineResources/DefaultVolumeTexture.uasset" 698
"../../../Engine/Content/EngineResources/DefaultVolumeTexture.uexp" 699
"../../../Engine/Content/EngineResources/GradientTexture0.uasset" 700
"../../../Engine/Content/EngineResources/GradientTexture0.uexp" 701
"../../../Engine/Content/EngineSky/VolumetricClouds/T_NoiseShape64.uasset" 702
"../../../Engine/Content/EngineSky/VolumetricClouds/T_NoiseShape64.uexp" 703
"../../../Engine/Content/EngineSky/VolumetricClouds/T_NoiseShape64.ubulk" 704
"../../../Engine/Content/EngineSky/VolumetricClouds/T_VolumeNoiseShape64.uasset" 705
"../../../Engine/Content/EngineSky/VolumetricClouds/T_VolumeNoiseShape64.uexp" 706
"../../../Engine/Content/EngineSky/VolumetricClouds/T_NoiseErosion.uasset" 707
"../../../Engine/Content/EngineSky/VolumetricClouds/T_NoiseErosion.uexp" 708
"../../../Engine/Content/EngineSky/VolumetricClouds/T_NoiseErosion.ubulk" 709
"../../../Engine/Content/EngineSky/VolumetricClouds/T_VolumeNoiseErosion32.uasset" 710
"../../../Engine/Content/EngineSky/VolumetricClouds/T_VolumeNoiseErosion32.uexp" 711
"../../../Engine/Content/EngineSky/VolumetricClouds/CloudWeatherTexture.uasset" 712
"../../../Engine/Content/EngineSky/VolumetricClouds/CloudWeatherTexture.uexp" 713
"../../../Engine/Content/EngineSky/VolumetricClouds/CloudGradientTexture.uasset" 714
"../../../Engine/Content/EngineSky/VolumetricClouds/CloudGradientTexture.uexp" 715
"../../../Engine/Content/Functions/Engine_MaterialFunctions02/Utility/MakeFloat2.uasset" 716
"../../../Engine/Content/Functions/Engine_MaterialFunctions02/Utility/MakeFloat2.uexp" 717
"../../../Engine/Content/EngineSky/VolumetricClouds/m_SimpleVolumetricCloud.uasset" 718
"../../../Engine/Content/EngineSky/VolumetricClouds/m_SimpleVolumetricCloud.uexp" 719
"../../../Engine/Content/EngineSky/VolumetricClouds/m_SimpleVolumetricCloud_Inst.uasset" 720
"../../../Engine/Content/EngineSky/VolumetricClouds/m_SimpleVolumetricCloud_Inst.uexp" 721
"../../../Engine/Content/EngineSounds/Master.uasset" 722
"../../../Engine/Content/EngineSounds/Master.uexp" 723
"../../../Engine/Content/Functions/Engine_MaterialFunctions01/Shading/PowerToRoughness.uasset" 724
"../../../Engine/Content/Functions/Engine_MaterialFunctions01/Shading/PowerToRoughness.uexp" 725
"../../../Engine/Content/Maps/Templates/Thumbnails/Default.uasset" 726
"../../../Engine/Content/Maps/Templates/Thumbnails/Default.uexp" 727
"../../../Engine/Content/Maps/Templates/Thumbnails/TimeOfDay.uasset" 728
"../../../Engine/Content/Maps/Templates/Thumbnails/TimeOfDay.uexp" 729
"../../../Engine/Content/Maps/Templates/Thumbnails/VR-Basic.uasset" 730
"../../../Engine/Content/Maps/Templates/Thumbnails/VR-Basic.uexp" 731
"../../../Engine/Content/MobileResources/T_MobileControls_texture.uasset" 732
"../../../Engine/Content/MobileResources/T_MobileControls_texture.uexp" 733
"../../../Engine/Content/MobileResources/T_MobileMenu2.uasset" 734
"../../../Engine/Content/MobileResources/T_MobileMenu2.uexp" 735
"../../../Engine/Content/MobileResources/HUD/AnalogHat.uasset" 736
"../../../Engine/Content/MobileResources/HUD/AnalogHat.uexp" 737
"../../../Engine/Content/MobileResources/HUD/VirtualJoystick_Thumb.uasset" 738
"../../../Engine/Content/MobileResources/HUD/VirtualJoystick_Thumb.uexp" 739
"../../../Engine/Content/MobileResources/HUD/VirtualJoystick_Background.uasset" 740
"../../../Engine/Content/MobileResources/HUD/VirtualJoystick_Background.uexp" 741
"../../../Engine/Content/MobileResources/HUD/DefaultVirtualJoysticks.uasset" 742
"../../../Engine/Content/MobileResources/HUD/DefaultVirtualJoysticks.uexp" 743
"../../../Engine/Content/MobileResources/HUD/LeftVirtualJoystickOnly.uasset" 744
"../../../Engine/Content/MobileResources/HUD/LeftVirtualJoystickOnly.uexp" 745
"../../../Engine/Content/MobileResources/HUD/MobileHUDButton1_off.uasset" 746
"../../../Engine/Content/MobileResources/HUD/MobileHUDButton1_off.uexp" 747
"../../../Engine/Content/MobileResources/HUD/MobileHUDButton1_on.uasset" 748
"../../../Engine/Content/MobileResources/HUD/MobileHUDButton1_on.uexp" 749
"../../../Engine/Content/MobileResources/HUD/MobileHUDButton2_off.uasset" 750
"../../../Engine/Content/MobileResources/HUD/MobileHUDButton2_off.uexp" 751
"../../../Engine/Content/MobileResources/HUD/MobileHUDButton2_on.uasset" 752
"../../../Engine/Content/MobileResources/HUD/MobileHUDButton2_on.uexp" 753
"../../../Engine/Content/MobileResources/HUD/MobileHUDButton3.uasset" 754
"../../../Engine/Content/MobileResources/HUD/MobileHUDButton3.uexp" 755
"../../../Engine/Content/MobileResources/HUD/MobileHUDButtonFire.uasset" 756
"../../../Engine/Content/MobileResources/HUD/MobileHUDButtonFire.uexp" 757
"../../../Engine/Content/MobileResources/HUD/MobileHUDDirectionPad.uasset" 758
"../../../Engine/Content/MobileResources/HUD/MobileHUDDirectionPad.uexp" 759
"../../../Engine/Content/MobileResources/HUD/MobileHUDDirectionPad2.uasset" 760
"../../../Engine/Content/MobileResources/HUD/MobileHUDDirectionPad2.uexp" 761
"../../../Engine/Content/MobileResources/HUD/MobileHUDDirectionPad3.uasset" 762
"../../../Engine/Content/MobileResources/HUD/MobileHUDDirectionPad3.uexp" 763
"../../../Engine/Content/MobileResources/HUD/MobileHUDDirectionStick.uasset" 764
"../../../Engine/Content/MobileResources/HUD/MobileHUDDirectionStick.uexp" 765
"../../../Engine/Content/MobileResources/HUD/T_Castle_ThumbstickInner.uasset" 766
"../../../Engine/Content/MobileResources/HUD/T_Castle_ThumbstickInner.uexp" 767
"../../../Engine/Content/MobileResources/HUD/T_Castle_ThumbstickOutter.uasset" 768
"../../../Engine/Content/MobileResources/HUD/T_Castle_ThumbstickOutter.uexp" 769
"../../../Engine/Content/Tutorial/ContentIntroCurve.uasset" 770
"../../../Engine/Content/Tutorial/ContentIntroCurve.uexp" 771
"../../../Engine/Content/Tutorial/Basics/TutorialAssets/icon_tab_Levels_40x.uasset" 772
"../../../Engine/Content/Tutorial/Basics/TutorialAssets/icon_tab_Levels_40x.uexp" 773
"../../../Engine/Content/VREditor/TransformGizmo/TranslucentTransformGizmoMaterial.uasset" 774
"../../../Engine/Content/VREditor/TransformGizmo/TranslucentTransformGizmoMaterial.uexp" 775
"../../../Engine/Content/VREditor/LaserPointer/VR_LaserPower_01.uasset" 776
"../../../Engine/Content/VREditor/LaserPointer/VR_LaserPower_01.uexp" 777
"../../../Engine/Content/VREditor/LaserPointer/VR_LaserPower_01.ubulk" 778
"../../../Engine/Content/VREditor/TransformGizmo/TransformGizmoMaterial.uasset" 779
"../../../Engine/Content/VREditor/TransformGizmo/TransformGizmoMaterial.uexp" 780
"../../../Engine/Content/VREditor/TransformGizmo/BoundingBoxCorner.uasset" 781
"../../../Engine/Content/VREditor/TransformGizmo/BoundingBoxCorner.uexp" 782
"../../../Engine/Content/VREditor/TransformGizmo/BoundingBoxEdge.uasset" 783
"../../../Engine/Content/VREditor/TransformGizmo/BoundingBoxEdge.uexp" 784
"../../../Engine/Content/VREditor/TransformGizmo/PlaneTranslationHandle.uasset" 785
"../../../Engine/Content/VREditor/TransformGizmo/PlaneTranslationHandle.uexp" 786
"../../../Engine/Content/VREditor/TransformGizmo/Xray.uasset" 787
"../../../Engine/Content/VREditor/TransformGizmo/Xray.uexp" 788
"../../../Engine/Content/VREditor/TransformGizmo/Main.uasset" 789
"../../../Engine/Content/VREditor/TransformGizmo/Main.uexp" 790
"../../../Engine/Content/VREditor/TransformGizmo/SM_Sequencer_Key.uasset" 791
"../../../Engine/Content/VREditor/TransformGizmo/SM_Sequencer_Key.uexp" 792
"../../../Engine/Plugins/2D/Paper2D/Content/PlaceholderTextures/DummySpriteTexture.uasset" 793
"../../../Engine/Plugins/2D/Paper2D/Content/PlaceholderTextures/DummySpriteTexture.uexp" 794
"../../../Engine/Plugins/2D/Paper2D/Content/PlaceholderTextures/DummySpriteTexture.ubulk" 795
"../../../Engine/Plugins/2D/Paper2D/Content/DummySprite.uasset" 796
"../../../Engine/Plugins/2D/Paper2D/Content/DummySprite.uexp" 797
"../../../Engine/Plugins/2D/Paper2D/Content/DefaultPaperTerrainMaterial.uasset" 798
"../../../Engine/Plugins/2D/Paper2D/Content/DefaultPaperTerrainMaterial.uexp" 799
"../../../Engine/Plugins/2D/Paper2D/Content/DefaultSpriteMaterial.uasset" 800
"../../../Engine/Plugins/2D/Paper2D/Content/DefaultSpriteMaterial.uexp" 801
"../../../Engine/Plugins/2D/Paper2D/Content/MaskedUnlitSpriteMaterial.uasset" 802
"../../../Engine/Plugins/2D/Paper2D/Content/MaskedUnlitSpriteMaterial.uexp" 803
"../../../Engine/Plugins/2D/Paper2D/Content/OpaqueUnlitSpriteMaterial.uasset" 804
"../../../Engine/Plugins/2D/Paper2D/Content/OpaqueUnlitSpriteMaterial.uexp" 805
"../../../Engine/Content/ArtTools/RenderToTexture/Materials/Debug/M_Emissive_Color.uasset" 806
"../../../Engine/Content/ArtTools/RenderToTexture/Materials/Debug/M_Emissive_Color.uexp" 807
"../../../Engine/Plugins/Lumin/MagicLeapPassableWorld/Content/MagicLeapARPinInfoActor.uasset" 808
"../../../Engine/Plugins/Lumin/MagicLeapPassableWorld/Content/MagicLeapARPinInfoActor.uexp" 809
"../../../Engine/Content/Functions/Engine_MaterialFunctions02/Utility/BreakOutFloat3Components.uasset" 810
"../../../Engine/Content/Functions/Engine_MaterialFunctions02/Utility/BreakOutFloat3Components.uexp" 811
"../../../Engine/Plugins/Editor/SpeedTreeImporter/Content/SpeedTree9/UnpackInteger3.uasset" 812
"../../../Engine/Plugins/Editor/SpeedTreeImporter/Content/SpeedTree9/UnpackInteger3.uexp" 813
"../../../Engine/Plugins/Editor/SpeedTreeImporter/Content/SpeedTree9/UnpackDirection.uasset" 814
"../../../Engine/Plugins/Editor/SpeedTreeImporter/Content/SpeedTree9/UnpackDirection.uexp" 815
"../../../Engine/Plugins/Editor/SpeedTreeImporter/Content/SpeedTree9/game_wind_noise.uasset" 816
"../../../Engine/Plugins/Editor/SpeedTreeImporter/Content/SpeedTree9/game_wind_noise.uexp" 817
"../../../Engine/Plugins/Editor/SpeedTreeImporter/Content/SpeedTree9/game_wind_noise.ubulk" 818
"../../../Engine/Content/Functions/Engine_MaterialFunctions02/SafeNormalize.uasset" 819
"../../../Engine/Content/Functions/Engine_MaterialFunctions02/SafeNormalize.uexp" 820
"../../../Engine/Plugins/Editor/SpeedTreeImporter/Content/SpeedTree9/SpeedTreeWindMotion.uasset" 821
"../../../Engine/Plugins/Editor/SpeedTreeImporter/Content/SpeedTree9/SpeedTreeWindMotion.uexp" 822
"../../../Engine/Plugins/Editor/SpeedTreeImporter/Content/SpeedTree9/SpeedTreeBranchMotion.uasset" 823
"../../../Engine/Plugins/Editor/SpeedTreeImporter/Content/SpeedTree9/SpeedTreeBranchMotion.uexp" 824
"../../../Engine/Content/Functions/Engine_MaterialFunctions02/ObjectLocalBounds.uasset" 825
"../../../Engine/Content/Functions/Engine_MaterialFunctions02/ObjectLocalBounds.uexp" 826
"../../../Engine/Content/Functions/Engine_MaterialFunctions02/UVs/BoundingBoxBased_0-1_UVW.uasset" 827
"../../../Engine/Content/Functions/Engine_MaterialFunctions02/UVs/BoundingBoxBased_0-1_UVW.uexp" 828
"../../../Engine/Content/Functions/Engine_MaterialFunctions02/Utility/VectorLength.uasset" 829
"../../../Engine/Content/Functions/Engine_MaterialFunctions02/Utility/VectorLength.uexp" 830
"../../../Engine/Content/Functions/Engine_MaterialFunctions02/WorldPositionOffset/ObjectScale.uasset" 831
"../../../Engine/Content/Functions/Engine_MaterialFunctions02/WorldPositionOffset/ObjectScale.uexp" 832
"../../../Engine/Plugins/Editor/SpeedTreeImporter/Content/SpeedTree9/SpeedTreeWind.uasset" 833
"../../../Engine/Plugins/Editor/SpeedTreeImporter/Content/SpeedTree9/SpeedTreeWind.uexp" 834
"../../../Engine/Plugins/Editor/SpeedTreeImporter/Content/SpeedTree9/SpeedTreeBillboard.uasset" 835
"../../../Engine/Plugins/Editor/SpeedTreeImporter/Content/SpeedTree9/SpeedTreeBillboard.uexp" 836
"../../../Engine/Plugins/Editor/SpeedTreeImporter/Content/SpeedTree9/EmptyNormal.uasset" 837
"../../../Engine/Plugins/Editor/SpeedTreeImporter/Content/SpeedTree9/EmptyNormal.uexp" 838
"../../../Engine/Plugins/Editor/SpeedTreeImporter/Content/SpeedTree9/Empty.uasset" 839
"../../../Engine/Plugins/Editor/SpeedTreeImporter/Content/SpeedTree9/Empty.uexp" 840
"../../../Engine/Plugins/Editor/SpeedTreeImporter/Content/SpeedTree9/SpeedTreeBillboardMaster.uasset" 841
"../../../Engine/Plugins/Editor/SpeedTreeImporter/Content/SpeedTree9/SpeedTreeBillboardMaster.uexp" 842
"../../../Engine/Plugins/Editor/SpeedTreeImporter/Content/SpeedTree9/SpeedTreeCameraFacing.uasset" 843
"../../../Engine/Plugins/Editor/SpeedTreeImporter/Content/SpeedTree9/SpeedTreeCameraFacing.uexp" 844
"../../../Engine/Plugins/Editor/SpeedTreeImporter/Content/SpeedTree9/SpeedTreeMaster.uasset" 845
"../../../Engine/Plugins/Editor/SpeedTreeImporter/Content/SpeedTree9/SpeedTreeMaster.uexp" 846
"../../../Engine/Plugins/Runtime/OpenXR/Content/Devices/GoogleDaydream/MRTexture.uasset" 847
"../../../Engine/Plugins/Runtime/OpenXR/Content/Devices/GoogleDaydream/MRTexture.uexp" 848
"../../../Engine/Plugins/Runtime/OpenXR/Content/Devices/GoogleDaydream/MRTexture.ubulk" 849
"../../../Engine/Plugins/Runtime/OpenXR/Content/Devices/GoogleDaydream/BaseTexture.uasset" 850
"../../../Engine/Plugins/Runtime/OpenXR/Content/Devices/GoogleDaydream/BaseTexture.uexp" 851
"../../../Engine/Plugins/Runtime/OpenXR/Content/Devices/GoogleDaydream/BaseTexture.ubulk" 852
"../../../Engine/Plugins/Runtime/OpenXR/Content/Devices/GoogleDaydream/MI_GoogleDaydream.uasset" 853
"../../../Engine/Plugins/Runtime/OpenXR/Content/Devices/GoogleDaydream/MI_GoogleDaydream.uexp" 854
"../../../Engine/Plugins/Runtime/OpenXR/Content/Devices/GoogleDaydream/GoogleDaydreamController.uasset" 855
"../../../Engine/Plugins/Runtime/OpenXR/Content/Devices/GoogleDaydream/GoogleDaydreamController.uexp" 856
"../../../Engine/Plugins/Runtime/OpenXR/Content/Devices/HTCVive/BaseTexture.uasset" 857
"../../../Engine/Plugins/Runtime/OpenXR/Content/Devices/HTCVive/BaseTexture.uexp" 858
"../../../Engine/Plugins/Runtime/OpenXR/Content/Devices/HTCVive/BaseTexture.ubulk" 859
"../../../Engine/Plugins/Runtime/OpenXR/Content/Devices/HTCVive/MI_HTCVive.uasset" 860
"../../../Engine/Plugins/Runtime/OpenXR/Content/Devices/HTCVive/MI_HTCVive.uexp" 861
"../../../Engine/Plugins/Runtime/OpenXR/Content/Devices/HTCVive/HTCViveController.uasset" 862
"../../../Engine/Plugins/Runtime/OpenXR/Content/Devices/HTCVive/HTCViveController.uexp" 863
"../../../Engine/Plugins/Runtime/OpenXR/Content/Devices/MicrosoftMixedReality/NormalTexture.uasset" 864
"../../../Engine/Plugins/Runtime/OpenXR/Content/Devices/MicrosoftMixedReality/NormalTexture.uexp" 865
"../../../Engine/Plugins/Runtime/OpenXR/Content/Devices/MicrosoftMixedReality/NormalTexture.ubulk" 866
"../../../Engine/Plugins/Runtime/OpenXR/Content/Devices/MicrosoftMixedReality/MRTexture.uasset" 867
"../../../Engine/Plugins/Runtime/OpenXR/Content/Devices/MicrosoftMixedReality/MRTexture.uexp" 868
"../../../Engine/Plugins/Runtime/OpenXR/Content/Devices/MicrosoftMixedReality/MRTexture.ubulk" 869
"../../../Engine/Plugins/Runtime/OpenXR/Content/Devices/MicrosoftMixedReality/EmissiveTexture.uasset" 870
"../../../Engine/Plugins/Runtime/OpenXR/Content/Devices/MicrosoftMixedReality/EmissiveTexture.uexp" 871
"../../../Engine/Plugins/Runtime/OpenXR/Content/Devices/MicrosoftMixedReality/EmissiveTexture.ubulk" 872
"../../../Engine/Plugins/Runtime/OpenXR/Content/Devices/MicrosoftMixedReality/BaseTexture.uasset" 873
"../../../Engine/Plugins/Runtime/OpenXR/Content/Devices/MicrosoftMixedReality/BaseTexture.uexp" 874
"../../../Engine/Plugins/Runtime/OpenXR/Content/Devices/MicrosoftMixedReality/BaseTexture.ubulk" 875
"../../../Engine/Plugins/Runtime/OpenXR/Content/Devices/MicrosoftMixedReality/MI_MicrosoftMixedReality.uasset" 876
"../../../Engine/Plugins/Runtime/OpenXR/Content/Devices/MicrosoftMixedReality/MI_MicrosoftMixedReality.uexp" 877
"../../../Engine/Plugins/Runtime/OpenXR/Content/Devices/MicrosoftMixedReality/Left/left_MicrosoftMixedRealityController.uasset" 878
"../../../Engine/Plugins/Runtime/OpenXR/Content/Devices/MicrosoftMixedReality/Left/left_MicrosoftMixedRealityController.uexp" 879
"../../../Engine/Plugins/Runtime/OpenXR/Content/Devices/MicrosoftMixedReality/Right/right_MicrosoftMixedRealityController.uasset" 880
"../../../Engine/Plugins/Runtime/OpenXR/Content/Devices/MicrosoftMixedReality/Right/right_MicrosoftMixedRealityController.uexp" 881
"../../../Engine/Plugins/Runtime/OpenXR/Content/Devices/OculusGo/BaseTexture.uasset" 882
"../../../Engine/Plugins/Runtime/OpenXR/Content/Devices/OculusGo/BaseTexture.uexp" 883
"../../../Engine/Plugins/Runtime/OpenXR/Content/Devices/OculusGo/BaseTexture.ubulk" 884
"../../../Engine/Plugins/Runtime/OpenXR/Content/Devices/OculusGo/MI_OculusGo.uasset" 885
"../../../Engine/Plugins/Runtime/OpenXR/Content/Devices/OculusGo/MI_OculusGo.uexp" 886
"../../../Engine/Plugins/Runtime/OpenXR/Content/Devices/OculusGo/OculusGoController.uasset" 887
"../../../Engine/Plugins/Runtime/OpenXR/Content/Devices/OculusGo/OculusGoController.uexp" 888
"../../../Engine/Plugins/Runtime/OpenXR/Content/Devices/OculusTouch/MRTexture.uasset" 889
"../../../Engine/Plugins/Runtime/OpenXR/Content/Devices/OculusTouch/MRTexture.uexp" 890
"../../../Engine/Plugins/Runtime/OpenXR/Content/Devices/OculusTouch/MRTexture.ubulk" 891
"../../../Engine/Plugins/Runtime/OpenXR/Content/Devices/OculusTouch/BaseTexture.uasset" 892
"../../../Engine/Plugins/Runtime/OpenXR/Content/Devices/OculusTouch/BaseTexture.uexp" 893
"../../../Engine/Plugins/Runtime/OpenXR/Content/Devices/OculusTouch/BaseTexture.ubulk" 894
"../../../Engine/Plugins/Runtime/OpenXR/Content/Devices/OculusTouch/MI_OculusTouch.uasset" 895
"../../../Engine/Plugins/Runtime/OpenXR/Content/Devices/OculusTouch/MI_OculusTouch.uexp" 896
"../../../Engine/Plugins/Runtime/OpenXR/Content/Devices/OculusTouch/Left/left_OculusTouchController.uasset" 897
"../../../Engine/Plugins/Runtime/OpenXR/Content/Devices/OculusTouch/Left/left_OculusTouchController.uexp" 898
"../../../Engine/Plugins/Runtime/OpenXR/Content/Devices/OculusTouch/Right/right_OculusTouchController.uasset" 899
"../../../Engine/Plugins/Runtime/OpenXR/Content/Devices/OculusTouch/Right/right_OculusTouchController.uexp" 900
"../../../Engine/Plugins/Runtime/OpenXR/Content/Devices/OculusTouch_v3/MRTexture.uasset" 901
"../../../Engine/Plugins/Runtime/OpenXR/Content/Devices/OculusTouch_v3/MRTexture.uexp" 902
"../../../Engine/Plugins/Runtime/OpenXR/Content/Devices/OculusTouch_v3/MRTexture.ubulk" 903
"../../../Engine/Plugins/Runtime/OpenXR/Content/Devices/OculusTouch_v3/BaseTexture.uasset" 904
"../../../Engine/Plugins/Runtime/OpenXR/Content/Devices/OculusTouch_v3/BaseTexture.uexp" 905
"../../../Engine/Plugins/Runtime/OpenXR/Content/Devices/OculusTouch_v3/BaseTexture.ubulk" 906
"../../../Engine/Plugins/Runtime/OpenXR/Content/Devices/OculusTouch_v3/MI_OculusTouch_v3.uasset" 907
"../../../Engine/Plugins/Runtime/OpenXR/Content/Devices/OculusTouch_v3/MI_OculusTouch_v3.uexp" 908
"../../../Engine/Plugins/Runtime/OpenXR/Content/Devices/OculusTouch_v3/Left/left_OculusTouch_v3Controller.uasset" 909
"../../../Engine/Plugins/Runtime/OpenXR/Content/Devices/OculusTouch_v3/Left/left_OculusTouch_v3Controller.uexp" 910
"../../../Engine/Plugins/Runtime/OpenXR/Content/Devices/OculusTouch_v3/Right/right_OculusTouch_v3Controller.uasset" 911
"../../../Engine/Plugins/Runtime/OpenXR/Content/Devices/OculusTouch_v3/Right/right_OculusTouch_v3Controller.uexp" 912
"../../../Engine/Plugins/Runtime/OpenXR/Content/Devices/ValveIndex/MRTexture.uasset" 913
"../../../Engine/Plugins/Runtime/OpenXR/Content/Devices/ValveIndex/MRTexture.uexp" 914
"../../../Engine/Plugins/Runtime/OpenXR/Content/Devices/ValveIndex/MRTexture.ubulk" 915
"../../../Engine/Plugins/Runtime/OpenXR/Content/Devices/ValveIndex/BaseTexture.uasset" 916
"../../../Engine/Plugins/Runtime/OpenXR/Content/Devices/ValveIndex/BaseTexture.uexp" 917
"../../../Engine/Plugins/Runtime/OpenXR/Content/Devices/ValveIndex/BaseTexture.ubulk" 918
"../../../Engine/Plugins/Runtime/OpenXR/Content/Devices/ValveIndex/Left/MI_left_ValveIndex.uasset" 919
"../../../Engine/Plugins/Runtime/OpenXR/Content/Devices/ValveIndex/Left/MI_left_ValveIndex.uexp" 920
"../../../Engine/Plugins/Runtime/OpenXR/Content/Devices/ValveIndex/Left/left_ValveIndexController.uasset" 921
"../../../Engine/Plugins/Runtime/OpenXR/Content/Devices/ValveIndex/Left/left_ValveIndexController.uexp" 922
"../../../Engine/Plugins/Runtime/OpenXR/Content/Devices/ValveIndex/Right/MI_right_ValveIndex.uasset" 923
"../../../Engine/Plugins/Runtime/OpenXR/Content/Devices/ValveIndex/Right/MI_right_ValveIndex.uexp" 924
"../../../Engine/Plugins/Runtime/OpenXR/Content/Devices/ValveIndex/Right/right_ValveIndexController.uasset" 925
"../../../Engine/Plugins/Runtime/OpenXR/Content/Devices/ValveIndex/Right/right_ValveIndexController.uexp" 926
"../../../Engine/Content/EngineSky/T_Sky_Blue.uasset" 927
"../../../Engine/Content/EngineSky/T_Sky_Blue.uexp" 928
"../../../Engine/Content/EngineSky/T_Sky_Blue.ubulk" 929
"../../../Engine/Content/EngineSky/T_Sky_Clouds_M.uasset" 930
"../../../Engine/Content/EngineSky/T_Sky_Clouds_M.uexp" 931
"../../../Engine/Content/EngineSky/T_Sky_Clouds_M.ubulk" 932
"../../../Engine/Content/EngineSky/T_Sky_Stars.uasset" 933
"../../../Engine/Content/EngineSky/T_Sky_Stars.uexp" 934
"../../../Engine/Content/EngineSky/T_Sky_Stars.ubulk" 935
"../../../Engine/Content/EngineSky/M_Sky_Panning_Clouds2.uasset" 936
"../../../Engine/Content/EngineSky/M_Sky_Panning_Clouds2.uexp" 937
"../../../Engine/Content/EngineSky/SM_SkySphere.uasset" 938
"../../../Engine/Content/EngineSky/SM_SkySphere.uexp" 939
"../../../Engine/Content/EngineSky/C_Sky_Zenith_Color.uasset" 940
"../../../Engine/Content/EngineSky/C_Sky_Zenith_Color.uexp" 941
"../../../Engine/Content/EngineSky/C_Sky_Horizon_Color.uasset" 942
"../../../Engine/Content/EngineSky/C_Sky_Horizon_Color.uexp" 943
"../../../Engine/Content/EngineSky/C_Sky_Cloud_Color.uasset" 944
"../../../Engine/Content/EngineSky/C_Sky_Cloud_Color.uexp" 945
"../../../Engine/Content/EngineSky/BP_Sky_Sphere.uasset" 946
"../../../Engine/Content/EngineSky/BP_Sky_Sphere.uexp" 947
"../../../Engine/Content/VREditor/TransformGizmo/SM_Sequencer_Node.uasset" 948
"../../../Engine/Content/VREditor/TransformGizmo/SM_Sequencer_Node.uexp" 949
"D:/Unreal Projects/Bewarehouse/Content/Bewarehouse/BewarehouseCharacter.uasset" 950
"D:/Unreal Projects/Bewarehouse/Content/Bewarehouse/BewarehouseCharacter.uexp" 951
"D:/Unreal Projects/Bewarehouse/Content/Bewarehouse/BewarehousePlayerPuppeteer.uasset" 952
"D:/Unreal Projects/Bewarehouse/Content/Bewarehouse/BewarehousePlayerPuppeteer.uexp" 953
"D:/Unreal Projects/Bewarehouse/Content/Bewarehouse/BewarehouseControlCenter.uasset" 954
"D:/Unreal Projects/Bewarehouse/Content/Bewarehouse/BewarehouseControlCenter.uexp" 955
"D:/Unreal Projects/Bewarehouse/Content/Bewarehouse/Bewarehouse_BuiltData.uasset" 956
"D:/Unreal Projects/Bewarehouse/Content/Bewarehouse/Bewarehouse_BuiltData.uexp" 957
"D:/Unreal Projects/Bewarehouse/Content/Bewarehouse/Bewarehouse_BuiltData.ubulk" 958
"D:/Unreal Projects/Bewarehouse/Content/Bewarehouse/LevelStructureSetup/RoomConstants.uasset" 959
"D:/Unreal Projects/Bewarehouse/Content/Bewarehouse/LevelStructureSetup/RoomConstants.uexp" 960
"D:/Unreal Projects/Bewarehouse/Content/Bewarehouse/LevelStructureSetup/HomeOffice/HomeOfficeWindowWall.uasset" 961
"D:/Unreal Projects/Bewarehouse/Content/Bewarehouse/LevelStructureSetup/HomeOffice/HomeOfficeWindowWall.uexp" 962
"D:/Unreal Projects/Bewarehouse/Content/Bewarehouse/LevelStructureSetup/HomeOffice/HomeOfficeFactoryWall.uasset" 963
"D:/Unreal Projects/Bewarehouse/Content/Bewarehouse/LevelStructureSetup/HomeOffice/HomeOfficeFactoryWall.uexp" 964
"D:/Unreal Projects/Bewarehouse/Content/Bewarehouse/LevelStructureSetup/HomeOffice/WeirdBoard_N.uasset" 965
"D:/Unreal Projects/Bewarehouse/Content/Bewarehouse/LevelStructureSetup/HomeOffice/WeirdBoard_N.uexp" 966
"D:/Unreal Projects/Bewarehouse/Content/Bewarehouse/LevelStructureSetup/HomeOffice/WeirdBoard_N.ubulk" 967
"D:/Unreal Projects/Bewarehouse/Content/Bewarehouse/LevelStructureSetup/HomeOffice/WeirdBoard_D.uasset" 968
"D:/Unreal Projects/Bewarehouse/Content/Bewarehouse/LevelStructureSetup/HomeOffice/WeirdBoard_D.uexp" 969
"D:/Unreal Projects/Bewarehouse/Content/Bewarehouse/LevelStructureSetup/HomeOffice/WeirdBoard_D.ubulk" 970
"../../../Engine/Content/Functions/Engine_MaterialFunctions02/Texturing/CustomRotator.uasset" 971
"../../../Engine/Content/Functions/Engine_MaterialFunctions02/Texturing/CustomRotator.uexp" 972
"D:/Unreal Projects/Bewarehouse/Content/Bewarehouse/LevelStructureSetup/HomeOffice/WeirdBoard_Mat.uasset" 973
"D:/Unreal Projects/Bewarehouse/Content/Bewarehouse/LevelStructureSetup/HomeOffice/WeirdBoard_Mat.uexp" 974
"D:/Unreal Projects/Bewarehouse/Content/Bewarehouse/LevelStructureSetup/HomeOffice/HomeOfficeFloor.uasset" 975
"D:/Unreal Projects/Bewarehouse/Content/Bewarehouse/LevelStructureSetup/HomeOffice/HomeOfficeFloor.uexp" 976
"D:/Unreal Projects/Bewarehouse/Content/Bewarehouse/LevelStructureSetup/HomeOffice/HomeOffice_Room.uasset" 977
"D:/Unreal Projects/Bewarehouse/Content/Bewarehouse/LevelStructureSetup/HomeOffice/HomeOffice_Room.uexp" 978
"D:/Unreal Projects/Bewarehouse/Content/Bewarehouse/Bewarehouse.uexp" 979
"D:/Unreal Projects/Bewarehouse/Content/Bewarehouse/Bewarehouse.umap" 980
"D:/Unreal Projects/Bewarehouse/Content/Bewarehouse/LevelStructureSetup/Hallway_SubMap_BuiltData.uasset" 981
"D:/Unreal Projects/Bewarehouse/Content/Bewarehouse/LevelStructureSetup/Hallway_SubMap_BuiltData.uexp" 982
"D:/Unreal Projects/Bewarehouse/Content/Bewarehouse/LevelStructureSetup/Hallway_SubMap.uexp" 983
"D:/Unreal Projects/Bewarehouse/Content/Bewarehouse/LevelStructureSetup/Hallway_SubMap.umap" 984
"../../../Engine/Content/EngineFonts/Faces/DroidSansMono.uasset" 985
"../../../Engine/Content/EngineFonts/Faces/DroidSansMono.uexp" 986
"../../../Engine/Content/EngineFonts/Faces/DroidSansMono.ufont" 987
"../../../Engine/Content/EngineFonts/DroidSansMono.uasset" 988
"../../../Engine/Content/EngineFonts/DroidSansMono.uexp" 989
"D:/Unreal Projects/Bewarehouse/Content/Bewarehouse/Menus/MonitorBackground.uasset" 990
"D:/Unreal Projects/Bewarehouse/Content/Bewarehouse/Menus/MonitorBackground.uexp" 991
"D:/Unreal Projects/Bewarehouse/Content/Bewarehouse/Menus/PlayerComputerMenu.uasset" 992
"D:/Unreal Projects/Bewarehouse/Content/Bewarehouse/Menus/PlayerComputerMenu.uexp" 993
"D:/Unreal Projects/Bewarehouse/Content/Bewarehouse/MachinesAndAppliances/MonitorFrame_N.uasset" 994
"D:/Unreal Projects/Bewarehouse/Content/Bewarehouse/MachinesAndAppliances/MonitorFrame_N.uexp" 995
"D:/Unreal Projects/Bewarehouse/Content/Bewarehouse/MachinesAndAppliances/MonitorFrame_N.ubulk" 996
"D:/Unreal Projects/Bewarehouse/Content/Bewarehouse/MachinesAndAppliances/PlasticCasing.uasset" 997
"D:/Unreal Projects/Bewarehouse/Content/Bewarehouse/MachinesAndAppliances/PlasticCasing.uexp" 998
"D:/Unreal Projects/Bewarehouse/Content/Bewarehouse/MachinesAndAppliances/GlassScreen.uasset" 999
"D:/Unreal Projects/Bewarehouse/Content/Bewarehouse/MachinesAndAppliances/GlassScreen.uexp" 1000
"D:/Unreal Projects/Bewarehouse/Content/Bewarehouse/MachinesAndAppliances/OfficeMonitor.uasset" 1001
"D:/Unreal Projects/Bewarehouse/Content/Bewarehouse/MachinesAndAppliances/OfficeMonitor.uexp" 1002
"D:/Unreal Projects/Bewarehouse/Content/Bewarehouse/Menus/PlayerComputer.uasset" 1003
"D:/Unreal Projects/Bewarehouse/Content/Bewarehouse/Menus/PlayerComputer.uexp" 1004
"D:/Unreal Projects/Bewarehouse/Content/Bewarehouse/LevelStructureSetup/HomeOffice_SubMap_BuiltData.uasset" 1005
"D:/Unreal Projects/Bewarehouse/Content/Bewarehouse/LevelStructureSetup/HomeOffice_SubMap_BuiltData.uexp" 1006
"D:/Unreal Projects/Bewarehouse/Content/Bewarehouse/LevelStructureSetup/HomeOffice_SubMap_BuiltData.ubulk" 1007
"D:/Unreal Projects/Bewarehouse/Content/Bewarehouse/LevelStructureSetup/HomeOffice/DarkGreenWood_N.uasset" 1008
"D:/Unreal Projects/Bewarehouse/Content/Bewarehouse/LevelStructureSetup/HomeOffice/DarkGreenWood_N.uexp" 1009
"D:/Unreal Projects/Bewarehouse/Content/Bewarehouse/LevelStructureSetup/HomeOffice/DarkGreenWood_N.ubulk" 1010
"D:/Unreal Projects/Bewarehouse/Content/Bewarehouse/LevelStructureSetup/HomeOffice/DarkGreenWood_D.uasset" 1011
"D:/Unreal Projects/Bewarehouse/Content/Bewarehouse/LevelStructureSetup/HomeOffice/DarkGreenWood_D.uexp" 1012
"D:/Unreal Projects/Bewarehouse/Content/Bewarehouse/LevelStructureSetup/HomeOffice/DarkGreenWood_D.ubulk" 1013
"D:/Unreal Projects/Bewarehouse/Content/Bewarehouse/LevelStructureSetup/HomeOffice/DarkGreenWood_Mat.uasset" 1014
"D:/Unreal Projects/Bewarehouse/Content/Bewarehouse/LevelStructureSetup/HomeOffice/DarkGreenWood_Mat.uexp" 1015
"../../../Engine/Content/Functions/Engine_MaterialFunctions01/Texturing/SpiralBlur-SceneTexture.uasset" 1016
"../../../Engine/Content/Functions/Engine_MaterialFunctions01/Texturing/SpiralBlur-SceneTexture.uexp" 1017
"D:/Unreal Projects/Bewarehouse/Content/Bewarehouse/LevelStructureSetup/HomeOffice/FrostedGlass_Mat.uasset" 1018
"D:/Unreal Projects/Bewarehouse/Content/Bewarehouse/LevelStructureSetup/HomeOffice/FrostedGlass_Mat.uexp" 1019
"D:/Unreal Projects/Bewarehouse/Content/Bewarehouse/LevelStructureSetup/HomeOffice/Pale_YellowWood_N.uasset" 1020
"D:/Unreal Projects/Bewarehouse/Content/Bewarehouse/LevelStructureSetup/HomeOffice/Pale_YellowWood_N.uexp" 1021
"D:/Unreal Projects/Bewarehouse/Content/Bewarehouse/LevelStructureSetup/HomeOffice/Pale_YellowWood_N.ubulk" 1022
"D:/Unreal Projects/Bewarehouse/Content/Bewarehouse/LevelStructureSetup/HomeOffice/Pale_YellowWood_D.uasset" 1023
"D:/Unreal Projects/Bewarehouse/Content/Bewarehouse/LevelStructureSetup/HomeOffice/Pale_YellowWood_D.uexp" 1024
"D:/Unreal Projects/Bewarehouse/Content/Bewarehouse/LevelStructureSetup/HomeOffice/Pale_YellowWood_D.ubulk" 1025
"D:/Unreal Projects/Bewarehouse/Content/Bewarehouse/LevelStructureSetup/HomeOffice/PaleYellowWood_Mat.uasset" 1026
"D:/Unreal Projects/Bewarehouse/Content/Bewarehouse/LevelStructureSetup/HomeOffice/PaleYellowWood_Mat.uexp" 1027
"D:/Unreal Projects/Bewarehouse/Content/Bewarehouse/LevelStructureSetup/HomeOffice/CubicleUnit.uasset" 1028
"D:/Unreal Projects/Bewarehouse/Content/Bewarehouse/LevelStructureSetup/HomeOffice/CubicleUnit.uexp" 1029
"D:/Unreal Projects/Bewarehouse/Content/Bewarehouse/LevelStructureSetup/HomeOffice/BasicLight.uasset" 1030
"D:/Unreal Projects/Bewarehouse/Content/Bewarehouse/LevelStructureSetup/HomeOffice/BasicLight.uexp" 1031
"D:/Unreal Projects/Bewarehouse/Content/Bewarehouse/LevelStructureSetup/HomeOffice/HangingLights.uasset" 1032
"D:/Unreal Projects/Bewarehouse/Content/Bewarehouse/LevelStructureSetup/HomeOffice/HangingLights.uexp" 1033
"D:/Unreal Projects/Bewarehouse/Content/Bewarehouse/LevelStructureSetup/HomeOffice/HomeOfficeHangingBoards.uasset" 1034
"D:/Unreal Projects/Bewarehouse/Content/Bewarehouse/LevelStructureSetup/HomeOffice/HomeOfficeHangingBoards.uexp" 1035
"D:/Unreal Projects/Bewarehouse/Content/Bewarehouse/LevelStructureSetup/HomeOffice/ParkingLot_N.uasset" 1036
"D:/Unreal Projects/Bewarehouse/Content/Bewarehouse/LevelStructureSetup/HomeOffice/ParkingLot_N.uexp" 1037
"D:/Unreal Projects/Bewarehouse/Content/Bewarehouse/LevelStructureSetup/HomeOffice/ParkingLot_N.ubulk" 1038
"D:/Unreal Projects/Bewarehouse/Content/Bewarehouse/LevelStructureSetup/HomeOffice/ParkingLot_D.uasset" 1039
"D:/Unreal Projects/Bewarehouse/Content/Bewarehouse/LevelStructureSetup/HomeOffice/ParkingLot_D.uexp" 1040
"D:/Unreal Projects/Bewarehouse/Content/Bewarehouse/LevelStructureSetup/HomeOffice/ParkingLot_D.ubulk" 1041
"D:/Unreal Projects/Bewarehouse/Content/Bewarehouse/LevelStructureSetup/HomeOffice/ParkingLot_Mat.uasset" 1042
"D:/Unreal Projects/Bewarehouse/Content/Bewarehouse/LevelStructureSetup/HomeOffice/ParkingLot_Mat.uexp" 1043
"D:/Unreal Projects/Bewarehouse/Content/Bewarehouse/LevelStructureSetup/HomeOffice/HomeOfficeParkingLot.uasset" 1044
"D:/Unreal Projects/Bewarehouse/Content/Bewarehouse/LevelStructureSetup/HomeOffice/HomeOfficeParkingLot.uexp" 1045
"D:/Unreal Projects/Bewarehouse/Content/Bewarehouse/LevelStructureSetup/HomeOffice/PlayerDesk_Lead.uasset" 1046
"D:/Unreal Projects/Bewarehouse/Content/Bewarehouse/LevelStructureSetup/HomeOffice/PlayerDesk_Lead.uexp" 1047
"D:/Unreal Projects/Bewarehouse/Content/Bewarehouse/LevelStructureSetup/HomeOffice/Robert_sOffice.uasset" 1048
"D:/Unreal Projects/Bewarehouse/Content/Bewarehouse/LevelStructureSetup/HomeOffice/Robert_sOffice.uexp" 1049
"D:/Unreal Projects/Bewarehouse/Content/Bewarehouse/LevelStructureSetup/HomeOffice_SubMap.uexp" 1050
"D:/Unreal Projects/Bewarehouse/Content/Bewarehouse/LevelStructureSetup/HomeOffice_SubMap.umap" 1051
"../../../Engine/Content/Maps/Entry_BuiltData.uasset" 1052
"../../../Engine/Content/Maps/Entry_BuiltData.uexp" 1053
"../../../Engine/Content/Maps/Entry.uexp" 1054
"../../../Engine/Content/Maps/Entry.umap" 1055
